0:0:0:0:0:0:0:1 	- 	[2016-01-08 17:17:43.598] 	"GET / HTTP/1.1" 	200 	- 	"Mozilla/5.0 (Windows NT 6.3; WOW64) AppleWebKit/537.36 (KHTML, like Gecko) Chrome/47.0.2526.106 Safari/537.36" 	98ms
0:0:0:0:0:0:0:1 	- 	[2016-01-08 17:17:44.459] 	"GET /console/img/logo_baasbox_lp.png HTTP/1.1" 	304 	- 	"Mozilla/5.0 (Windows NT 6.3; WOW64) AppleWebKit/537.36 (KHTML, like Gecko) Chrome/47.0.2526.106 Safari/537.36" 	57ms
127.0.0.1 	- 	[2016-01-08 17:17:59.297] 	"POST /login HTTP/1.1" 	200 	229 	"Mozilla/5.0 (Windows NT 6.3; WOW64) AppleWebKit/537.36 (KHTML, like Gecko) Chrome/47.0.2526.106 Safari/537.36" 	520ms
127.0.0.1 	- 	[2016-01-08 17:17:59.409] 	"GET /document/frutta?page=0&recordsPerPage=50 HTTP/1.1" 	401 	676 	"Mozilla/5.0 (Windows NT 6.3; WOW64) AppleWebKit/537.36 (KHTML, like Gecko) Chrome/47.0.2526.106 Safari/537.36" 	408ms
0:0:0:0:0:0:0:1 	- 	[2016-01-08 17:18:01.737] 	"GET /console HTTP/1.1" 	303 	- 	"Mozilla/5.0 (Windows NT 6.3; WOW64) AppleWebKit/537.36 (KHTML, like Gecko) Chrome/47.0.2526.106 Safari/537.36" 	1ms
0:0:0:0:0:0:0:1 	- 	[2016-01-08 17:18:01.745] 	"GET /console/ HTTP/1.1" 	200 	- 	"Mozilla/5.0 (Windows NT 6.3; WOW64) AppleWebKit/537.36 (KHTML, like Gecko) Chrome/47.0.2526.106 Safari/537.36" 	35ms
0:0:0:0:0:0:0:1 	- 	[2016-01-08 17:18:01.801] 	"GET /console/css/bootstrap-responsive.css HTTP/1.1" 	304 	- 	"Mozilla/5.0 (Windows NT 6.3; WOW64) AppleWebKit/537.36 (KHTML, like Gecko) Chrome/47.0.2526.106 Safari/537.36" 	8ms
0:0:0:0:0:0:0:1 	- 	[2016-01-08 17:18:01.800] 	"GET /console/css/bootstrap-classic.css HTTP/1.1" 	304 	- 	"Mozilla/5.0 (Windows NT 6.3; WOW64) AppleWebKit/537.36 (KHTML, like Gecko) Chrome/47.0.2526.106 Safari/537.36" 	11ms
0:0:0:0:0:0:0:1 	- 	[2016-01-08 17:18:01.799] 	"GET /console/css/charisma-app.css HTTP/1.1" 	304 	- 	"Mozilla/5.0 (Windows NT 6.3; WOW64) AppleWebKit/537.36 (KHTML, like Gecko) Chrome/47.0.2526.106 Safari/537.36" 	12ms
0:0:0:0:0:0:0:1 	- 	[2016-01-08 17:18:01.800] 	"GET /console/css/baasbox.css HTTP/1.1" 	304 	- 	"Mozilla/5.0 (Windows NT 6.3; WOW64) AppleWebKit/537.36 (KHTML, like Gecko) Chrome/47.0.2526.106 Safari/537.36" 	13ms
0:0:0:0:0:0:0:1 	- 	[2016-01-08 17:18:01.800] 	"GET /console/css/s-btns.css HTTP/1.1" 	304 	- 	"Mozilla/5.0 (Windows NT 6.3; WOW64) AppleWebKit/537.36 (KHTML, like Gecko) Chrome/47.0.2526.106 Safari/537.36" 	13ms
0:0:0:0:0:0:0:1 	- 	[2016-01-08 17:18:01.801] 	"GET /console/css/font-awesome.min.css HTTP/1.1" 	304 	- 	"Mozilla/5.0 (Windows NT 6.3; WOW64) AppleWebKit/537.36 (KHTML, like Gecko) Chrome/47.0.2526.106 Safari/537.36" 	15ms
0:0:0:0:0:0:0:1 	- 	[2016-01-08 17:18:01.813] 	"GET /console/css/baasbox-jsnippet.css HTTP/1.1" 	304 	- 	"Mozilla/5.0 (Windows NT 6.3; WOW64) AppleWebKit/537.36 (KHTML, like Gecko) Chrome/47.0.2526.106 Safari/537.36" 	9ms
0:0:0:0:0:0:0:1 	- 	[2016-01-08 17:18:01.843] 	"GET /console/css/colorbox.css HTTP/1.1" 	304 	- 	"Mozilla/5.0 (Windows NT 6.3; WOW64) AppleWebKit/537.36 (KHTML, like Gecko) Chrome/47.0.2526.106 Safari/537.36" 	4ms
0:0:0:0:0:0:0:1 	- 	[2016-01-08 17:18:01.843] 	"GET /console/css/jquery.cleditor.css HTTP/1.1" 	304 	- 	"Mozilla/5.0 (Windows NT 6.3; WOW64) AppleWebKit/537.36 (KHTML, like Gecko) Chrome/47.0.2526.106 Safari/537.36" 	4ms
0:0:0:0:0:0:0:1 	- 	[2016-01-08 17:18:01.843] 	"GET /console/css/uniform.default.css HTTP/1.1" 	304 	- 	"Mozilla/5.0 (Windows NT 6.3; WOW64) AppleWebKit/537.36 (KHTML, like Gecko) Chrome/47.0.2526.106 Safari/537.36" 	4ms
0:0:0:0:0:0:0:1 	- 	[2016-01-08 17:18:01.843] 	"GET /console/css/fullcalendar.css HTTP/1.1" 	304 	- 	"Mozilla/5.0 (Windows NT 6.3; WOW64) AppleWebKit/537.36 (KHTML, like Gecko) Chrome/47.0.2526.106 Safari/537.36" 	4ms
0:0:0:0:0:0:0:1 	- 	[2016-01-08 17:18:01.843] 	"GET /console/css/chosen.css HTTP/1.1" 	304 	- 	"Mozilla/5.0 (Windows NT 6.3; WOW64) AppleWebKit/537.36 (KHTML, like Gecko) Chrome/47.0.2526.106 Safari/537.36" 	4ms
0:0:0:0:0:0:0:1 	- 	[2016-01-08 17:18:01.843] 	"GET /console/css/jquery-ui-1.8.21.custom.css HTTP/1.1" 	304 	- 	"Mozilla/5.0 (Windows NT 6.3; WOW64) AppleWebKit/537.36 (KHTML, like Gecko) Chrome/47.0.2526.106 Safari/537.36" 	7ms
0:0:0:0:0:0:0:1 	- 	[2016-01-08 17:18:01.884] 	"GET /console/css/noty_theme_default.css HTTP/1.1" 	304 	- 	"Mozilla/5.0 (Windows NT 6.3; WOW64) AppleWebKit/537.36 (KHTML, like Gecko) Chrome/47.0.2526.106 Safari/537.36" 	4ms
0:0:0:0:0:0:0:1 	- 	[2016-01-08 17:18:01.884] 	"GET /console/css/elfinder.theme.css HTTP/1.1" 	304 	- 	"Mozilla/5.0 (Windows NT 6.3; WOW64) AppleWebKit/537.36 (KHTML, like Gecko) Chrome/47.0.2526.106 Safari/537.36" 	4ms
0:0:0:0:0:0:0:1 	- 	[2016-01-08 17:18:01.884] 	"GET /console/css/opa-icons.css HTTP/1.1" 	304 	- 	"Mozilla/5.0 (Windows NT 6.3; WOW64) AppleWebKit/537.36 (KHTML, like Gecko) Chrome/47.0.2526.106 Safari/537.36" 	4ms
0:0:0:0:0:0:0:1 	- 	[2016-01-08 17:18:01.884] 	"GET /console/css/jquery.iphone.toggle.css HTTP/1.1" 	304 	- 	"Mozilla/5.0 (Windows NT 6.3; WOW64) AppleWebKit/537.36 (KHTML, like Gecko) Chrome/47.0.2526.106 Safari/537.36" 	4ms
0:0:0:0:0:0:0:1 	- 	[2016-01-08 17:18:01.884] 	"GET /console/css/elfinder.min.css HTTP/1.1" 	304 	- 	"Mozilla/5.0 (Windows NT 6.3; WOW64) AppleWebKit/537.36 (KHTML, like Gecko) Chrome/47.0.2526.106 Safari/537.36" 	4ms
0:0:0:0:0:0:0:1 	- 	[2016-01-08 17:18:01.884] 	"GET /console/css/jquery.noty.css HTTP/1.1" 	304 	- 	"Mozilla/5.0 (Windows NT 6.3; WOW64) AppleWebKit/537.36 (KHTML, like Gecko) Chrome/47.0.2526.106 Safari/537.36" 	4ms
0:0:0:0:0:0:0:1 	- 	[2016-01-08 17:18:01.904] 	"GET /console/js/jquery.zrssfeed.min.js HTTP/1.1" 	304 	- 	"Mozilla/5.0 (Windows NT 6.3; WOW64) AppleWebKit/537.36 (KHTML, like Gecko) Chrome/47.0.2526.106 Safari/537.36" 	4ms
0:0:0:0:0:0:0:1 	- 	[2016-01-08 17:18:01.904] 	"GET /console/js/jquery-1.7.2.min.js HTTP/1.1" 	304 	- 	"Mozilla/5.0 (Windows NT 6.3; WOW64) AppleWebKit/537.36 (KHTML, like Gecko) Chrome/47.0.2526.106 Safari/537.36" 	4ms
0:0:0:0:0:0:0:1 	- 	[2016-01-08 17:18:01.904] 	"GET /console/js/angular.min.js HTTP/1.1" 	304 	- 	"Mozilla/5.0 (Windows NT 6.3; WOW64) AppleWebKit/537.36 (KHTML, like Gecko) Chrome/47.0.2526.106 Safari/537.36" 	5ms
0:0:0:0:0:0:0:1 	- 	[2016-01-08 17:18:01.904] 	"GET /console/js/jquery-ui-1.8.21.custom.min.js HTTP/1.1" 	304 	- 	"Mozilla/5.0 (Windows NT 6.3; WOW64) AppleWebKit/537.36 (KHTML, like Gecko) Chrome/47.0.2526.106 Safari/537.36" 	8ms
0:0:0:0:0:0:0:1 	- 	[2016-01-08 17:18:01.904] 	"GET /console/css/uploadify.css HTTP/1.1" 	304 	- 	"Mozilla/5.0 (Windows NT 6.3; WOW64) AppleWebKit/537.36 (KHTML, like Gecko) Chrome/47.0.2526.106 Safari/537.36" 	8ms
0:0:0:0:0:0:0:1 	- 	[2016-01-08 17:18:01.905] 	"GET /console/js/bootstrap-transition.js HTTP/1.1" 	304 	- 	"Mozilla/5.0 (Windows NT 6.3; WOW64) AppleWebKit/537.36 (KHTML, like Gecko) Chrome/47.0.2526.106 Safari/537.36" 	7ms
0:0:0:0:0:0:0:1 	- 	[2016-01-08 17:18:01.912] 	"GET /console/css/lato.css HTTP/1.1" 	304 	- 	"Mozilla/5.0 (Windows NT 6.3; WOW64) AppleWebKit/537.36 (KHTML, like Gecko) Chrome/47.0.2526.106 Safari/537.36" 	4ms
0:0:0:0:0:0:0:1 	- 	[2016-01-08 17:18:01.923] 	"GET /console/js/bootstrap-alert.js HTTP/1.1" 	304 	- 	"Mozilla/5.0 (Windows NT 6.3; WOW64) AppleWebKit/537.36 (KHTML, like Gecko) Chrome/47.0.2526.106 Safari/537.36" 	5ms
0:0:0:0:0:0:0:1 	- 	[2016-01-08 17:18:01.924] 	"GET /console/js/bootstrap-tooltip.js HTTP/1.1" 	304 	- 	"Mozilla/5.0 (Windows NT 6.3; WOW64) AppleWebKit/537.36 (KHTML, like Gecko) Chrome/47.0.2526.106 Safari/537.36" 	5ms
0:0:0:0:0:0:0:1 	- 	[2016-01-08 17:18:01.923] 	"GET /console/js/bootstrap-scrollspy.js HTTP/1.1" 	304 	- 	"Mozilla/5.0 (Windows NT 6.3; WOW64) AppleWebKit/537.36 (KHTML, like Gecko) Chrome/47.0.2526.106 Safari/537.36" 	6ms
0:0:0:0:0:0:0:1 	- 	[2016-01-08 17:18:01.923] 	"GET /console/js/bootstrap-dropdown.js HTTP/1.1" 	304 	- 	"Mozilla/5.0 (Windows NT 6.3; WOW64) AppleWebKit/537.36 (KHTML, like Gecko) Chrome/47.0.2526.106 Safari/537.36" 	8ms
0:0:0:0:0:0:0:1 	- 	[2016-01-08 17:18:01.923] 	"GET /console/js/bootstrap-modal.js HTTP/1.1" 	304 	- 	"Mozilla/5.0 (Windows NT 6.3; WOW64) AppleWebKit/537.36 (KHTML, like Gecko) Chrome/47.0.2526.106 Safari/537.36" 	9ms
0:0:0:0:0:0:0:1 	- 	[2016-01-08 17:18:01.923] 	"GET /console/js/bootstrap-tab.js HTTP/1.1" 	304 	- 	"Mozilla/5.0 (Windows NT 6.3; WOW64) AppleWebKit/537.36 (KHTML, like Gecko) Chrome/47.0.2526.106 Safari/537.36" 	10ms
0:0:0:0:0:0:0:1 	- 	[2016-01-08 17:18:01.954] 	"GET /console/js/bootstrap-button.js HTTP/1.1" 	304 	- 	"Mozilla/5.0 (Windows NT 6.3; WOW64) AppleWebKit/537.36 (KHTML, like Gecko) Chrome/47.0.2526.106 Safari/537.36" 	5ms
0:0:0:0:0:0:0:1 	- 	[2016-01-08 17:18:01.954] 	"GET /console/js/bootstrap-collapse.js HTTP/1.1" 	304 	- 	"Mozilla/5.0 (Windows NT 6.3; WOW64) AppleWebKit/537.36 (KHTML, like Gecko) Chrome/47.0.2526.106 Safari/537.36" 	5ms
0:0:0:0:0:0:0:1 	- 	[2016-01-08 17:18:01.954] 	"GET /console/js/bootstrap-carousel.js HTTP/1.1" 	304 	- 	"Mozilla/5.0 (Windows NT 6.3; WOW64) AppleWebKit/537.36 (KHTML, like Gecko) Chrome/47.0.2526.106 Safari/537.36" 	6ms
0:0:0:0:0:0:0:1 	- 	[2016-01-08 17:18:01.953] 	"GET /console/js/bootstrap-popover.js HTTP/1.1" 	304 	- 	"Mozilla/5.0 (Windows NT 6.3; WOW64) AppleWebKit/537.36 (KHTML, like Gecko) Chrome/47.0.2526.106 Safari/537.36" 	7ms
0:0:0:0:0:0:0:1 	- 	[2016-01-08 17:18:01.958] 	"GET /console/js/bootstrap-tour.js HTTP/1.1" 	304 	- 	"Mozilla/5.0 (Windows NT 6.3; WOW64) AppleWebKit/537.36 (KHTML, like Gecko) Chrome/47.0.2526.106 Safari/537.36" 	4ms
0:0:0:0:0:0:0:1 	- 	[2016-01-08 17:18:01.956] 	"GET /console/js/bootstrap-typeahead.js HTTP/1.1" 	304 	- 	"Mozilla/5.0 (Windows NT 6.3; WOW64) AppleWebKit/537.36 (KHTML, like Gecko) Chrome/47.0.2526.106 Safari/537.36" 	6ms
0:0:0:0:0:0:0:1 	- 	[2016-01-08 17:18:01.986] 	"GET /console/js/fullcalendar.min.js HTTP/1.1" 	304 	- 	"Mozilla/5.0 (Windows NT 6.3; WOW64) AppleWebKit/537.36 (KHTML, like Gecko) Chrome/47.0.2526.106 Safari/537.36" 	7ms
0:0:0:0:0:0:0:1 	- 	[2016-01-08 17:18:01.986] 	"GET /console/js/jquery.cookie.js HTTP/1.1" 	304 	- 	"Mozilla/5.0 (Windows NT 6.3; WOW64) AppleWebKit/537.36 (KHTML, like Gecko) Chrome/47.0.2526.106 Safari/537.36" 	9ms
0:0:0:0:0:0:0:1 	- 	[2016-01-08 17:18:01.992] 	"GET /console/js/jquery.validate.js HTTP/1.1" 	304 	- 	"Mozilla/5.0 (Windows NT 6.3; WOW64) AppleWebKit/537.36 (KHTML, like Gecko) Chrome/47.0.2526.106 Safari/537.36" 	7ms
0:0:0:0:0:0:0:1 	- 	[2016-01-08 17:18:01.991] 	"GET /console/js/jquery.jeditable.js HTTP/1.1" 	304 	- 	"Mozilla/5.0 (Windows NT 6.3; WOW64) AppleWebKit/537.36 (KHTML, like Gecko) Chrome/47.0.2526.106 Safari/537.36" 	9ms
0:0:0:0:0:0:0:1 	- 	[2016-01-08 17:18:01.988] 	"GET /console/js/jquery.dataTables.min.js HTTP/1.1" 	304 	- 	"Mozilla/5.0 (Windows NT 6.3; WOW64) AppleWebKit/537.36 (KHTML, like Gecko) Chrome/47.0.2526.106 Safari/537.36" 	15ms
0:0:0:0:0:0:0:1 	- 	[2016-01-08 17:18:01.987] 	"GET /console/js/jquery.dataTables.editable.js HTTP/1.1" 	304 	- 	"Mozilla/5.0 (Windows NT 6.3; WOW64) AppleWebKit/537.36 (KHTML, like Gecko) Chrome/47.0.2526.106 Safari/537.36" 	18ms
0:0:0:0:0:0:0:1 	- 	[2016-01-08 17:18:01.997] 	"GET /console/js/ColReorderWithResize.js HTTP/1.1" 	304 	- 	"Mozilla/5.0 (Windows NT 6.3; WOW64) AppleWebKit/537.36 (KHTML, like Gecko) Chrome/47.0.2526.106 Safari/537.36" 	7ms
0:0:0:0:0:0:0:1 	- 	[2016-01-08 17:18:02.26] 	"GET /console/js/jquery.flot.stack.js HTTP/1.1" 	304 	- 	"Mozilla/5.0 (Windows NT 6.3; WOW64) AppleWebKit/537.36 (KHTML, like Gecko) Chrome/47.0.2526.106 Safari/537.36" 	5ms
0:0:0:0:0:0:0:1 	- 	[2016-01-08 17:18:02.27] 	"GET /console/js/jquery.flot.resize.min.js HTTP/1.1" 	304 	- 	"Mozilla/5.0 (Windows NT 6.3; WOW64) AppleWebKit/537.36 (KHTML, like Gecko) Chrome/47.0.2526.106 Safari/537.36" 	4ms
0:0:0:0:0:0:0:1 	- 	[2016-01-08 17:18:02.26] 	"GET /console/js/excanvas.js HTTP/1.1" 	304 	- 	"Mozilla/5.0 (Windows NT 6.3; WOW64) AppleWebKit/537.36 (KHTML, like Gecko) Chrome/47.0.2526.106 Safari/537.36" 	5ms
0:0:0:0:0:0:0:1 	- 	[2016-01-08 17:18:02.27] 	"GET /console/js/jquery.flot.pie.min.js HTTP/1.1" 	304 	- 	"Mozilla/5.0 (Windows NT 6.3; WOW64) AppleWebKit/537.36 (KHTML, like Gecko) Chrome/47.0.2526.106 Safari/537.36" 	4ms
0:0:0:0:0:0:0:1 	- 	[2016-01-08 17:18:02.27] 	"GET /console/js/jquery.flot.min.js HTTP/1.1" 	304 	- 	"Mozilla/5.0 (Windows NT 6.3; WOW64) AppleWebKit/537.36 (KHTML, like Gecko) Chrome/47.0.2526.106 Safari/537.36" 	5ms
0:0:0:0:0:0:0:1 	- 	[2016-01-08 17:18:02.27] 	"GET /console/js/jquery.snippet.min.js HTTP/1.1" 	304 	- 	"Mozilla/5.0 (Windows NT 6.3; WOW64) AppleWebKit/537.36 (KHTML, like Gecko) Chrome/47.0.2526.106 Safari/537.36" 	4ms
0:0:0:0:0:0:0:1 	- 	[2016-01-08 17:18:02.71] 	"GET /console/js/jquery.uniform.min.js HTTP/1.1" 	304 	- 	"Mozilla/5.0 (Windows NT 6.3; WOW64) AppleWebKit/537.36 (KHTML, like Gecko) Chrome/47.0.2526.106 Safari/537.36" 	4ms
0:0:0:0:0:0:0:1 	- 	[2016-01-08 17:18:02.70] 	"GET /console/js/jquery.chosen.min.js HTTP/1.1" 	304 	- 	"Mozilla/5.0 (Windows NT 6.3; WOW64) AppleWebKit/537.36 (KHTML, like Gecko) Chrome/47.0.2526.106 Safari/537.36" 	5ms
0:0:0:0:0:0:0:1 	- 	[2016-01-08 17:18:02.71] 	"GET /console/js/jquery.noty.js HTTP/1.1" 	304 	- 	"Mozilla/5.0 (Windows NT 6.3; WOW64) AppleWebKit/537.36 (KHTML, like Gecko) Chrome/47.0.2526.106 Safari/537.36" 	4ms
0:0:0:0:0:0:0:1 	- 	[2016-01-08 17:18:02.71] 	"GET /console/js/jquery.elfinder.min.js HTTP/1.1" 	304 	- 	"Mozilla/5.0 (Windows NT 6.3; WOW64) AppleWebKit/537.36 (KHTML, like Gecko) Chrome/47.0.2526.106 Safari/537.36" 	4ms
0:0:0:0:0:0:0:1 	- 	[2016-01-08 17:18:02.71] 	"GET /console/js/jquery.colorbox.min.js HTTP/1.1" 	304 	- 	"Mozilla/5.0 (Windows NT 6.3; WOW64) AppleWebKit/537.36 (KHTML, like Gecko) Chrome/47.0.2526.106 Safari/537.36" 	5ms
0:0:0:0:0:0:0:1 	- 	[2016-01-08 17:18:02.71] 	"GET /console/js/jquery.cleditor.min.js HTTP/1.1" 	304 	- 	"Mozilla/5.0 (Windows NT 6.3; WOW64) AppleWebKit/537.36 (KHTML, like Gecko) Chrome/47.0.2526.106 Safari/537.36" 	4ms
0:0:0:0:0:0:0:1 	- 	[2016-01-08 17:18:02.142] 	"GET /console/js/jquery.uploadify-3.1.min.js HTTP/1.1" 	304 	- 	"Mozilla/5.0 (Windows NT 6.3; WOW64) AppleWebKit/537.36 (KHTML, like Gecko) Chrome/47.0.2526.106 Safari/537.36" 	5ms
0:0:0:0:0:0:0:1 	- 	[2016-01-08 17:18:02.142] 	"GET /console/js/history.adapter.jquery.js HTTP/1.1" 	304 	- 	"Mozilla/5.0 (Windows NT 6.3; WOW64) AppleWebKit/537.36 (KHTML, like Gecko) Chrome/47.0.2526.106 Safari/537.36" 	5ms
0:0:0:0:0:0:0:1 	- 	[2016-01-08 17:18:02.142] 	"GET /console/js/history.js HTTP/1.1" 	304 	- 	"Mozilla/5.0 (Windows NT 6.3; WOW64) AppleWebKit/537.36 (KHTML, like Gecko) Chrome/47.0.2526.106 Safari/537.36" 	5ms
0:0:0:0:0:0:0:1 	- 	[2016-01-08 17:18:02.141] 	"GET /console/js/jquery.iphone.toggle.js HTTP/1.1" 	304 	- 	"Mozilla/5.0 (Windows NT 6.3; WOW64) AppleWebKit/537.36 (KHTML, like Gecko) Chrome/47.0.2526.106 Safari/537.36" 	6ms
0:0:0:0:0:0:0:1 	- 	[2016-01-08 17:18:02.142] 	"GET /console/js/jquery.raty.min.js HTTP/1.1" 	304 	- 	"Mozilla/5.0 (Windows NT 6.3; WOW64) AppleWebKit/537.36 (KHTML, like Gecko) Chrome/47.0.2526.106 Safari/537.36" 	5ms
0:0:0:0:0:0:0:1 	- 	[2016-01-08 17:18:02.141] 	"GET /console/js/jquery.autogrow-textarea.js HTTP/1.1" 	304 	- 	"Mozilla/5.0 (Windows NT 6.3; WOW64) AppleWebKit/537.36 (KHTML, like Gecko) Chrome/47.0.2526.106 Safari/537.36" 	10ms
0:0:0:0:0:0:0:1 	- 	[2016-01-08 17:18:02.155] 	"GET /console/js/ace/ace.js HTTP/1.1" 	304 	- 	"Mozilla/5.0 (Windows NT 6.3; WOW64) AppleWebKit/537.36 (KHTML, like Gecko) Chrome/47.0.2526.106 Safari/537.36" 	6ms
0:0:0:0:0:0:0:1 	- 	[2016-01-08 17:18:02.155] 	"GET /console/js/charisma.js HTTP/1.1" 	304 	- 	"Mozilla/5.0 (Windows NT 6.3; WOW64) AppleWebKit/537.36 (KHTML, like Gecko) Chrome/47.0.2526.106 Safari/537.36" 	8ms
0:0:0:0:0:0:0:1 	- 	[2016-01-08 17:18:02.155] 	"GET /console/js/ui-ace.js HTTP/1.1" 	304 	- 	"Mozilla/5.0 (Windows NT 6.3; WOW64) AppleWebKit/537.36 (KHTML, like Gecko) Chrome/47.0.2526.106 Safari/537.36" 	9ms
0:0:0:0:0:0:0:1 	- 	[2016-01-08 17:18:02.155] 	"GET /console/js/ace/ext-language_tools.js HTTP/1.1" 	304 	- 	"Mozilla/5.0 (Windows NT 6.3; WOW64) AppleWebKit/537.36 (KHTML, like Gecko) Chrome/47.0.2526.106 Safari/537.36" 	12ms
0:0:0:0:0:0:0:1 	- 	[2016-01-08 17:18:02.174] 	"GET /console/bbjs/baasboxgui.js HTTP/1.1" 	304 	- 	"Mozilla/5.0 (Windows NT 6.3; WOW64) AppleWebKit/537.36 (KHTML, like Gecko) Chrome/47.0.2526.106 Safari/537.36" 	5ms
0:0:0:0:0:0:0:1 	- 	[2016-01-08 17:18:02.174] 	"GET /console/bbjs/scripts.js HTTP/1.1" 	304 	- 	"Mozilla/5.0 (Windows NT 6.3; WOW64) AppleWebKit/537.36 (KHTML, like Gecko) Chrome/47.0.2526.106 Safari/537.36" 	5ms
0:0:0:0:0:0:0:1 	- 	[2016-01-08 17:18:02.174] 	"GET /console/bbjs/tour.js HTTP/1.1" 	304 	- 	"Mozilla/5.0 (Windows NT 6.3; WOW64) AppleWebKit/537.36 (KHTML, like Gecko) Chrome/47.0.2526.106 Safari/537.36" 	6ms
0:0:0:0:0:0:0:1 	- 	[2016-01-08 17:18:02.174] 	"GET /console/bbjs/push.js HTTP/1.1" 	304 	- 	"Mozilla/5.0 (Windows NT 6.3; WOW64) AppleWebKit/537.36 (KHTML, like Gecko) Chrome/47.0.2526.106 Safari/537.36" 	6ms
0:0:0:0:0:0:0:1 	- 	[2016-01-08 17:18:02.194] 	"GET /console/bbjs/users-datatable.js HTTP/1.1" 	304 	- 	"Mozilla/5.0 (Windows NT 6.3; WOW64) AppleWebKit/537.36 (KHTML, like Gecko) Chrome/47.0.2526.106 Safari/537.36" 	5ms
0:0:0:0:0:0:0:1 	- 	[2016-01-08 17:18:02.194] 	"GET /console/bbjs/datatable.js HTTP/1.1" 	304 	- 	"Mozilla/5.0 (Windows NT 6.3; WOW64) AppleWebKit/537.36 (KHTML, like Gecko) Chrome/47.0.2526.106 Safari/537.36" 	6ms
0:0:0:0:0:0:0:1 	- 	[2016-01-08 17:18:02.197] 	"GET /console/bbjs/whatsnew-tour.js HTTP/1.1" 	304 	- 	"Mozilla/5.0 (Windows NT 6.3; WOW64) AppleWebKit/537.36 (KHTML, like Gecko) Chrome/47.0.2526.106 Safari/537.36" 	3ms
0:0:0:0:0:0:0:1 	- 	[2016-01-08 17:18:02.196] 	"GET /console/bbjs/files-datatable.js HTTP/1.1" 	304 	- 	"Mozilla/5.0 (Windows NT 6.3; WOW64) AppleWebKit/537.36 (KHTML, like Gecko) Chrome/47.0.2526.106 Safari/537.36" 	3ms
0:0:0:0:0:0:0:1 	- 	[2016-01-08 17:18:02.194] 	"GET /console/bbjs/documents-datatable.js HTTP/1.1" 	304 	- 	"Mozilla/5.0 (Windows NT 6.3; WOW64) AppleWebKit/537.36 (KHTML, like Gecko) Chrome/47.0.2526.106 Safari/537.36" 	8ms
0:0:0:0:0:0:0:1 	- 	[2016-01-08 17:18:02.211] 	"GET /console/bbjs/log.js HTTP/1.1" 	304 	- 	"Mozilla/5.0 (Windows NT 6.3; WOW64) AppleWebKit/537.36 (KHTML, like Gecko) Chrome/47.0.2526.106 Safari/537.36" 	4ms
0:0:0:0:0:0:0:1 	- 	[2016-01-08 17:18:02.211] 	"GET /console/css/Lato-Regular.ttf HTTP/1.1" 	304 	- 	"Mozilla/5.0 (Windows NT 6.3; WOW64) AppleWebKit/537.36 (KHTML, like Gecko) Chrome/47.0.2526.106 Safari/537.36" 	4ms
0:0:0:0:0:0:0:1 	- 	[2016-01-08 17:18:02.211] 	"GET /console/css/Lato-Bol.ttf HTTP/1.1" 	304 	- 	"Mozilla/5.0 (Windows NT 6.3; WOW64) AppleWebKit/537.36 (KHTML, like Gecko) Chrome/47.0.2526.106 Safari/537.36" 	5ms
0:0:0:0:0:0:0:1 	- 	[2016-01-08 17:18:02.211] 	"GET /console/js/jquery.form.js HTTP/1.1" 	304 	- 	"Mozilla/5.0 (Windows NT 6.3; WOW64) AppleWebKit/537.36 (KHTML, like Gecko) Chrome/47.0.2526.106 Safari/537.36" 	5ms
0:0:0:0:0:0:0:1 	- 	[2016-01-08 17:18:02.213] 	"GET /console/js/routes HTTP/1.1" 	200 	- 	"Mozilla/5.0 (Windows NT 6.3; WOW64) AppleWebKit/537.36 (KHTML, like Gecko) Chrome/47.0.2526.106 Safari/537.36" 	15ms
0:0:0:0:0:0:0:1 	- 	[2016-01-08 17:18:02.246] 	"GET /console/img/opa-icons-color16.png HTTP/1.1" 	304 	- 	"Mozilla/5.0 (Windows NT 6.3; WOW64) AppleWebKit/537.36 (KHTML, like Gecko) Chrome/47.0.2526.106 Safari/537.36" 	3ms
0:0:0:0:0:0:0:1 	- 	[2016-01-08 17:18:02.246] 	"GET /console/img/glyphicons-halflings.png HTTP/1.1" 	304 	- 	"Mozilla/5.0 (Windows NT 6.3; WOW64) AppleWebKit/537.36 (KHTML, like Gecko) Chrome/47.0.2526.106 Safari/537.36" 	3ms
0:0:0:0:0:0:0:1 	- 	[2016-01-08 17:18:02.248] 	"GET /console/img/logo_baasbox_lp.png HTTP/1.1" 	304 	- 	"Mozilla/5.0 (Windows NT 6.3; WOW64) AppleWebKit/537.36 (KHTML, like Gecko) Chrome/47.0.2526.106 Safari/537.36" 	1ms
0:0:0:0:0:0:0:1 	- 	[2016-01-08 17:18:02.246] 	"GET /console/img/opa-icons-black16.png HTTP/1.1" 	304 	- 	"Mozilla/5.0 (Windows NT 6.3; WOW64) AppleWebKit/537.36 (KHTML, like Gecko) Chrome/47.0.2526.106 Safari/537.36" 	4ms
0:0:0:0:0:0:0:1 	- 	[2016-01-08 17:18:02.248] 	"GET /console/img/logo_baasbox_white.png HTTP/1.1" 	304 	- 	"Mozilla/5.0 (Windows NT 6.3; WOW64) AppleWebKit/537.36 (KHTML, like Gecko) Chrome/47.0.2526.106 Safari/537.36" 	4ms
0:0:0:0:0:0:0:1 	- 	[2016-01-08 17:18:02.262] 	"GET /console/css/fullcalendar.print.css HTTP/1.1" 	304 	- 	"Mozilla/5.0 (Windows NT 6.3; WOW64) AppleWebKit/537.36 (KHTML, like Gecko) Chrome/47.0.2526.106 Safari/537.36" 	3ms
0:0:0:0:0:0:0:1 	- 	[2016-01-08 17:18:02.506] 	"GET /console/js/ace/snippets/text.js HTTP/1.1" 	304 	- 	"Mozilla/5.0 (Windows NT 6.3; WOW64) AppleWebKit/537.36 (KHTML, like Gecko) Chrome/47.0.2526.106 Safari/537.36" 	3ms
0:0:0:0:0:0:0:1 	- 	[2016-01-08 17:18:02.506] 	"GET /console/js/ace/theme-crimson_editor.js HTTP/1.1" 	304 	- 	"Mozilla/5.0 (Windows NT 6.3; WOW64) AppleWebKit/537.36 (KHTML, like Gecko) Chrome/47.0.2526.106 Safari/537.36" 	3ms
0:0:0:0:0:0:0:1 	- 	[2016-01-08 17:18:02.506] 	"GET /console/js/ace/mode-javascript.js HTTP/1.1" 	304 	- 	"Mozilla/5.0 (Windows NT 6.3; WOW64) AppleWebKit/537.36 (KHTML, like Gecko) Chrome/47.0.2526.106 Safari/537.36" 	3ms
0:0:0:0:0:0:0:1 	- 	[2016-01-08 17:18:02.536] 	"GET /console/js/ace/mode-json.js HTTP/1.1" 	304 	- 	"Mozilla/5.0 (Windows NT 6.3; WOW64) AppleWebKit/537.36 (KHTML, like Gecko) Chrome/47.0.2526.106 Safari/537.36" 	2ms
0:0:0:0:0:0:0:1 	- 	[2016-01-08 17:18:02.594] 	"GET /console/img/sprite.png HTTP/1.1" 	304 	- 	"Mozilla/5.0 (Windows NT 6.3; WOW64) AppleWebKit/537.36 (KHTML, like Gecko) Chrome/47.0.2526.106 Safari/537.36" 	2ms
0:0:0:0:0:0:0:1 	- 	[2016-01-08 17:18:02.603] 	"GET /console/img/chosen-sprite.png HTTP/1.1" 	304 	- 	"Mozilla/5.0 (Windows NT 6.3; WOW64) AppleWebKit/537.36 (KHTML, like Gecko) Chrome/47.0.2526.106 Safari/537.36" 	2ms
0:0:0:0:0:0:0:1 	- 	[2016-01-08 17:18:02.640] 	"GET /console/img/border.png HTTP/1.1" 	304 	- 	"Mozilla/5.0 (Windows NT 6.3; WOW64) AppleWebKit/537.36 (KHTML, like Gecko) Chrome/47.0.2526.106 Safari/537.36" 	3ms
0:0:0:0:0:0:0:1 	- 	[2016-01-08 17:18:02.640] 	"GET /console/img/controls.png HTTP/1.1" 	304 	- 	"Mozilla/5.0 (Windows NT 6.3; WOW64) AppleWebKit/537.36 (KHTML, like Gecko) Chrome/47.0.2526.106 Safari/537.36" 	3ms
0:0:0:0:0:0:0:1 	- 	[2016-01-08 17:18:03.264] 	"GET /console/js/ace/worker-javascript.js HTTP/1.1" 	304 	- 	"Mozilla/5.0 (Windows NT 6.3; WOW64) AppleWebKit/537.36 (KHTML, like Gecko) Chrome/47.0.2526.106 Safari/537.36" 	3ms
0:0:0:0:0:0:0:1 	- 	[2016-01-08 17:18:03.288] 	"GET /console/js/ace/worker-json.js HTTP/1.1" 	304 	- 	"Mozilla/5.0 (Windows NT 6.3; WOW64) AppleWebKit/537.36 (KHTML, like Gecko) Chrome/47.0.2526.106 Safari/537.36" 	2ms
0:0:0:0:0:0:0:1 	- 	[2016-01-08 17:18:03.288] 	"GET /console/js/ace/snippets/javascript.js HTTP/1.1" 	304 	- 	"Mozilla/5.0 (Windows NT 6.3; WOW64) AppleWebKit/537.36 (KHTML, like Gecko) Chrome/47.0.2526.106 Safari/537.36" 	3ms
127.0.0.1 	admin 	[2016-01-08 17:18:08.423] 	"GET /document/alcolici?page=0&recordsPerPage=50 HTTP/1.1" 	200 	2691 	"Mozilla/5.0 (Windows NT 6.3; WOW64) AppleWebKit/537.36 (KHTML, like Gecko) Chrome/47.0.2526.106 Safari/537.36" 	77ms
0:0:0:0:0:0:0:1 	- 	[2016-01-08 17:19:59.128] 	"GET /console/img/opa-icons-darkgray16.png HTTP/1.1" 	304 	- 	"Mozilla/5.0 (Windows NT 6.3; WOW64) AppleWebKit/537.36 (KHTML, like Gecko) Chrome/47.0.2526.106 Safari/537.36" 	3ms
0:0:0:0:0:0:0:1 	- 	[2016-01-08 17:19:59.474] 	"GET /console/css/Lato-RegIta.ttf HTTP/1.1" 	304 	- 	"Mozilla/5.0 (Windows NT 6.3; WOW64) AppleWebKit/537.36 (KHTML, like Gecko) Chrome/47.0.2526.106 Safari/537.36" 	3ms
0:0:0:0:0:0:0:1 	- 	[2016-01-08 17:20:01.742] 	"POST /login HTTP/1.1" 	200 	229 	"Mozilla/5.0 (Windows NT 6.3; WOW64) AppleWebKit/537.36 (KHTML, like Gecko) Chrome/47.0.2526.106 Safari/537.36" 	9ms
0:0:0:0:0:0:0:1 	- 	[2016-01-08 17:20:01.757] 	"GET /console/fonts/fontawesome-webfont.woff?v=4.2.0 HTTP/1.1" 	304 	- 	"Mozilla/5.0 (Windows NT 6.3; WOW64) AppleWebKit/537.36 (KHTML, like Gecko) Chrome/47.0.2526.106 Safari/537.36" 	2ms
0:0:0:0:0:0:0:1 	- 	[2016-01-08 17:20:01.853] 	"GET /console/img/ajax-loaders/ajax-loader-6.gif HTTP/1.1" 	304 	- 	"Mozilla/5.0 (Windows NT 6.3; WOW64) AppleWebKit/537.36 (KHTML, like Gecko) Chrome/47.0.2526.106 Safari/537.36" 	3ms
0:0:0:0:0:0:0:1 	admin 	[2016-01-08 17:20:01.862] 	"GET /admin/dbStatistics HTTP/1.1" 	200 	7583 	"Mozilla/5.0 (Windows NT 6.3; WOW64) AppleWebKit/537.36 (KHTML, like Gecko) Chrome/47.0.2526.106 Safari/537.36" 	209ms
0:0:0:0:0:0:0:1 	- 	[2016-01-08 17:20:02.121] 	"GET /console/img/opa-icons-green32.png HTTP/1.1" 	304 	- 	"Mozilla/5.0 (Windows NT 6.3; WOW64) AppleWebKit/537.36 (KHTML, like Gecko) Chrome/47.0.2526.106 Safari/537.36" 	3ms
0:0:0:0:0:0:0:1 	- 	[2016-01-08 17:20:02.121] 	"GET /console/img/opa-icons-black32.png HTTP/1.1" 	304 	- 	"Mozilla/5.0 (Windows NT 6.3; WOW64) AppleWebKit/537.36 (KHTML, like Gecko) Chrome/47.0.2526.106 Safari/537.36" 	3ms
0:0:0:0:0:0:0:1 	- 	[2016-01-08 17:20:02.121] 	"GET /console/img/opa-icons-color32.png HTTP/1.1" 	304 	- 	"Mozilla/5.0 (Windows NT 6.3; WOW64) AppleWebKit/537.36 (KHTML, like Gecko) Chrome/47.0.2526.106 Safari/537.36" 	3ms
0:0:0:0:0:0:0:1 	admin 	[2016-01-08 17:20:02.121] 	"GET /admin/dbStatistics HTTP/1.1" 	200 	7583 	"Mozilla/5.0 (Windows NT 6.3; WOW64) AppleWebKit/537.36 (KHTML, like Gecko) Chrome/47.0.2526.106 Safari/537.36" 	30ms
0:0:0:0:0:0:0:1 	admin 	[2016-01-08 17:20:01.862] 	"GET /admin/version/latest HTTP/1.1" 	200 	290 	"Mozilla/5.0 (Windows NT 6.3; WOW64) AppleWebKit/537.36 (KHTML, like Gecko) Chrome/47.0.2526.106 Safari/537.36" 	934ms
0:0:0:0:0:0:0:1 	admin 	[2016-01-08 17:20:17.499] 	"GET /admin/collection?orderBy=name+asc HTTP/1.1" 	200 	344 	"Mozilla/5.0 (Windows NT 6.3; WOW64) AppleWebKit/537.36 (KHTML, like Gecko) Chrome/47.0.2526.106 Safari/537.36" 	23ms
0:0:0:0:0:0:0:1 	admin 	[2016-01-08 17:20:19.116] 	"GET /admin/dbStatistics HTTP/1.1" 	200 	7582 	"Mozilla/5.0 (Windows NT 6.3; WOW64) AppleWebKit/537.36 (KHTML, like Gecko) Chrome/47.0.2526.106 Safari/537.36" 	31ms
0:0:0:0:0:0:0:1 	admin 	[2016-01-08 17:20:20.749] 	"GET /admin/collection?orderBy=name+asc HTTP/1.1" 	200 	344 	"Mozilla/5.0 (Windows NT 6.3; WOW64) AppleWebKit/537.36 (KHTML, like Gecko) Chrome/47.0.2526.106 Safari/537.36" 	16ms
0:0:0:0:0:0:0:1 	admin 	[2016-01-08 17:20:23.600] 	"GET /document/Locali?call_id=1&skip=0&page=0&recordsPerPage=10&orderBy=_creation_date+asc HTTP/1.1" 	200 	3563 	"Mozilla/5.0 (Windows NT 6.3; WOW64) AppleWebKit/537.36 (KHTML, like Gecko) Chrome/47.0.2526.106 Safari/537.36" 	44ms
0:0:0:0:0:0:0:1 	admin 	[2016-01-08 17:20:23.648] 	"GET /document/Locali?call_id=1&count=true HTTP/1.1" 	200 	80 	"Mozilla/5.0 (Windows NT 6.3; WOW64) AppleWebKit/537.36 (KHTML, like Gecko) Chrome/47.0.2526.106 Safari/537.36" 	19ms
0:0:0:0:0:0:0:1 	admin 	[2016-01-08 17:20:23.671] 	"GET /document/Locali?call_id=1&count=true HTTP/1.1" 	200 	80 	"Mozilla/5.0 (Windows NT 6.3; WOW64) AppleWebKit/537.36 (KHTML, like Gecko) Chrome/47.0.2526.106 Safari/537.36" 	6ms
0:0:0:0:0:0:0:1 	admin 	[2016-01-08 17:21:01.142] 	"GET /document/analcolici?call_id=1&skip=0&page=0&recordsPerPage=10&orderBy=_creation_date+asc HTTP/1.1" 	200 	3135 	"Mozilla/5.0 (Windows NT 6.3; WOW64) AppleWebKit/537.36 (KHTML, like Gecko) Chrome/47.0.2526.106 Safari/537.36" 	27ms
0:0:0:0:0:0:0:1 	admin 	[2016-01-08 17:21:01.176] 	"GET /document/analcolici?call_id=1&count=true HTTP/1.1" 	200 	79 	"Mozilla/5.0 (Windows NT 6.3; WOW64) AppleWebKit/537.36 (KHTML, like Gecko) Chrome/47.0.2526.106 Safari/537.36" 	9ms
0:0:0:0:0:0:0:1 	admin 	[2016-01-08 17:21:01.190] 	"GET /document/analcolici?call_id=1&count=true HTTP/1.1" 	200 	79 	"Mozilla/5.0 (Windows NT 6.3; WOW64) AppleWebKit/537.36 (KHTML, like Gecko) Chrome/47.0.2526.106 Safari/537.36" 	7ms
0:0:0:0:0:0:0:1 	admin 	[2016-01-08 17:22:12.314] 	"GET /document/Locali?call_id=1&skip=0&page=0&recordsPerPage=10&orderBy=_creation_date+asc HTTP/1.1" 	200 	3563 	"Mozilla/5.0 (Windows NT 6.3; WOW64) AppleWebKit/537.36 (KHTML, like Gecko) Chrome/47.0.2526.106 Safari/537.36" 	25ms
0:0:0:0:0:0:0:1 	admin 	[2016-01-08 17:22:12.347] 	"GET /document/Locali?call_id=1&count=true HTTP/1.1" 	200 	80 	"Mozilla/5.0 (Windows NT 6.3; WOW64) AppleWebKit/537.36 (KHTML, like Gecko) Chrome/47.0.2526.106 Safari/537.36" 	9ms
0:0:0:0:0:0:0:1 	admin 	[2016-01-08 17:22:12.360] 	"GET /document/Locali?call_id=1&count=true HTTP/1.1" 	200 	80 	"Mozilla/5.0 (Windows NT 6.3; WOW64) AppleWebKit/537.36 (KHTML, like Gecko) Chrome/47.0.2526.106 Safari/537.36" 	5ms
0:0:0:0:0:0:0:1 	admin 	[2016-01-08 17:22:41.873] 	"PUT /document/Locali/%23d4c5b874-a0ff-4afb-8151-cf7c43d4474c?isUUID=true HTTP/1.1" 	200 	419 	"Mozilla/5.0 (Windows NT 6.3; WOW64) AppleWebKit/537.36 (KHTML, like Gecko) Chrome/47.0.2526.106 Safari/537.36" 	94ms
0:0:0:0:0:0:0:1 	admin 	[2016-01-08 17:22:41.995] 	"GET /document/Locali?call_id=1&skip=0&page=0&recordsPerPage=10&orderBy=_creation_date+asc HTTP/1.1" 	200 	3589 	"Mozilla/5.0 (Windows NT 6.3; WOW64) AppleWebKit/537.36 (KHTML, like Gecko) Chrome/47.0.2526.106 Safari/537.36" 	32ms
0:0:0:0:0:0:0:1 	admin 	[2016-01-08 17:22:42.49] 	"GET /document/Locali?call_id=1&count=true HTTP/1.1" 	200 	80 	"Mozilla/5.0 (Windows NT 6.3; WOW64) AppleWebKit/537.36 (KHTML, like Gecko) Chrome/47.0.2526.106 Safari/537.36" 	18ms
0:0:0:0:0:0:0:1 	admin 	[2016-01-08 17:22:42.79] 	"GET /document/Locali?call_id=1&count=true HTTP/1.1" 	200 	80 	"Mozilla/5.0 (Windows NT 6.3; WOW64) AppleWebKit/537.36 (KHTML, like Gecko) Chrome/47.0.2526.106 Safari/537.36" 	17ms
0:0:0:0:0:0:0:1 	admin 	[2016-01-08 17:22:54.111] 	"PUT /document/Locali/%23a990f5d3-d91d-44f7-81f7-6d0b65430ce7?isUUID=true HTTP/1.1" 	200 	408 	"Mozilla/5.0 (Windows NT 6.3; WOW64) AppleWebKit/537.36 (KHTML, like Gecko) Chrome/47.0.2526.106 Safari/537.36" 	8ms
0:0:0:0:0:0:0:1 	admin 	[2016-01-08 17:22:54.152] 	"GET /document/Locali?call_id=1&skip=0&page=0&recordsPerPage=10&orderBy=_creation_date+asc HTTP/1.1" 	200 	3615 	"Mozilla/5.0 (Windows NT 6.3; WOW64) AppleWebKit/537.36 (KHTML, like Gecko) Chrome/47.0.2526.106 Safari/537.36" 	16ms
0:0:0:0:0:0:0:1 	admin 	[2016-01-08 17:22:54.185] 	"GET /document/Locali?call_id=1&count=true HTTP/1.1" 	200 	80 	"Mozilla/5.0 (Windows NT 6.3; WOW64) AppleWebKit/537.36 (KHTML, like Gecko) Chrome/47.0.2526.106 Safari/537.36" 	11ms
0:0:0:0:0:0:0:1 	admin 	[2016-01-08 17:22:54.203] 	"GET /document/Locali?call_id=1&count=true HTTP/1.1" 	200 	80 	"Mozilla/5.0 (Windows NT 6.3; WOW64) AppleWebKit/537.36 (KHTML, like Gecko) Chrome/47.0.2526.106 Safari/537.36" 	15ms
0:0:0:0:0:0:0:1 	admin 	[2016-01-08 17:23:16.463] 	"PUT /document/Locali/%230408fb50-c868-4345-8573-00f0282b4b82?isUUID=true HTTP/1.1" 	200 	403 	"Mozilla/5.0 (Windows NT 6.3; WOW64) AppleWebKit/537.36 (KHTML, like Gecko) Chrome/47.0.2526.106 Safari/537.36" 	9ms
0:0:0:0:0:0:0:1 	admin 	[2016-01-08 17:23:16.503] 	"GET /document/Locali?call_id=1&skip=0&page=0&recordsPerPage=10&orderBy=_creation_date+asc HTTP/1.1" 	200 	3638 	"Mozilla/5.0 (Windows NT 6.3; WOW64) AppleWebKit/537.36 (KHTML, like Gecko) Chrome/47.0.2526.106 Safari/537.36" 	17ms
0:0:0:0:0:0:0:1 	admin 	[2016-01-08 17:23:16.532] 	"GET /document/Locali?call_id=1&count=true HTTP/1.1" 	200 	80 	"Mozilla/5.0 (Windows NT 6.3; WOW64) AppleWebKit/537.36 (KHTML, like Gecko) Chrome/47.0.2526.106 Safari/537.36" 	11ms
0:0:0:0:0:0:0:1 	admin 	[2016-01-08 17:23:16.548] 	"GET /document/Locali?call_id=1&count=true HTTP/1.1" 	200 	80 	"Mozilla/5.0 (Windows NT 6.3; WOW64) AppleWebKit/537.36 (KHTML, like Gecko) Chrome/47.0.2526.106 Safari/537.36" 	11ms
0:0:0:0:0:0:0:1 	admin 	[2016-01-08 17:23:38.608] 	"PUT /document/Locali/%23e9153cf5-0d7b-4a70-be6a-2724fcecc456?isUUID=true HTTP/1.1" 	200 	447 	"Mozilla/5.0 (Windows NT 6.3; WOW64) AppleWebKit/537.36 (KHTML, like Gecko) Chrome/47.0.2526.106 Safari/537.36" 	9ms
0:0:0:0:0:0:0:1 	admin 	[2016-01-08 17:23:38.647] 	"GET /document/Locali?call_id=1&skip=0&page=0&recordsPerPage=10&orderBy=_creation_date+asc HTTP/1.1" 	200 	3660 	"Mozilla/5.0 (Windows NT 6.3; WOW64) AppleWebKit/537.36 (KHTML, like Gecko) Chrome/47.0.2526.106 Safari/537.36" 	20ms
0:0:0:0:0:0:0:1 	admin 	[2016-01-08 17:23:38.680] 	"GET /document/Locali?call_id=1&count=true HTTP/1.1" 	200 	80 	"Mozilla/5.0 (Windows NT 6.3; WOW64) AppleWebKit/537.36 (KHTML, like Gecko) Chrome/47.0.2526.106 Safari/537.36" 	13ms
0:0:0:0:0:0:0:1 	admin 	[2016-01-08 17:23:38.702] 	"GET /document/Locali?call_id=1&count=true HTTP/1.1" 	200 	80 	"Mozilla/5.0 (Windows NT 6.3; WOW64) AppleWebKit/537.36 (KHTML, like Gecko) Chrome/47.0.2526.106 Safari/537.36" 	12ms
0:0:0:0:0:0:0:1 	admin 	[2016-01-08 17:23:54.261] 	"PUT /document/Locali/%2306693fae-93ad-4997-8351-7c9b0fc923ef?isUUID=true HTTP/1.1" 	200 	403 	"Mozilla/5.0 (Windows NT 6.3; WOW64) AppleWebKit/537.36 (KHTML, like Gecko) Chrome/47.0.2526.106 Safari/537.36" 	8ms
0:0:0:0:0:0:0:1 	admin 	[2016-01-08 17:23:54.304] 	"GET /document/Locali?call_id=1&skip=0&page=0&recordsPerPage=10&orderBy=_creation_date+asc HTTP/1.1" 	200 	3680 	"Mozilla/5.0 (Windows NT 6.3; WOW64) AppleWebKit/537.36 (KHTML, like Gecko) Chrome/47.0.2526.106 Safari/537.36" 	18ms
0:0:0:0:0:0:0:1 	admin 	[2016-01-08 17:23:54.332] 	"GET /document/Locali?call_id=1&count=true HTTP/1.1" 	200 	80 	"Mozilla/5.0 (Windows NT 6.3; WOW64) AppleWebKit/537.36 (KHTML, like Gecko) Chrome/47.0.2526.106 Safari/537.36" 	11ms
0:0:0:0:0:0:0:1 	admin 	[2016-01-08 17:23:54.347] 	"GET /document/Locali?call_id=1&count=true HTTP/1.1" 	200 	80 	"Mozilla/5.0 (Windows NT 6.3; WOW64) AppleWebKit/537.36 (KHTML, like Gecko) Chrome/47.0.2526.106 Safari/537.36" 	4ms
0:0:0:0:0:0:0:1 	admin 	[2016-01-08 17:24:11.555] 	"PUT /document/Locali/%23a7376df5-bece-436c-9ba6-7936997c1393?isUUID=true HTTP/1.1" 	200 	414 	"Mozilla/5.0 (Windows NT 6.3; WOW64) AppleWebKit/537.36 (KHTML, like Gecko) Chrome/47.0.2526.106 Safari/537.36" 	9ms
0:0:0:0:0:0:0:1 	admin 	[2016-01-08 17:24:11.594] 	"GET /document/Locali?call_id=1&skip=0&page=0&recordsPerPage=10&orderBy=_creation_date+asc HTTP/1.1" 	200 	3707 	"Mozilla/5.0 (Windows NT 6.3; WOW64) AppleWebKit/537.36 (KHTML, like Gecko) Chrome/47.0.2526.106 Safari/537.36" 	11ms
0:0:0:0:0:0:0:1 	admin 	[2016-01-08 17:24:11.619] 	"GET /document/Locali?call_id=1&count=true HTTP/1.1" 	200 	80 	"Mozilla/5.0 (Windows NT 6.3; WOW64) AppleWebKit/537.36 (KHTML, like Gecko) Chrome/47.0.2526.106 Safari/537.36" 	10ms
0:0:0:0:0:0:0:1 	admin 	[2016-01-08 17:24:11.638] 	"GET /document/Locali?call_id=1&count=true HTTP/1.1" 	200 	80 	"Mozilla/5.0 (Windows NT 6.3; WOW64) AppleWebKit/537.36 (KHTML, like Gecko) Chrome/47.0.2526.106 Safari/537.36" 	6ms
0:0:0:0:0:0:0:1 	admin 	[2016-01-08 17:24:28.843] 	"PUT /document/Locali/%23dfa55afa-72f7-4592-83e7-f2c95ace13ea?isUUID=true HTTP/1.1" 	200 	421 	"Mozilla/5.0 (Windows NT 6.3; WOW64) AppleWebKit/537.36 (KHTML, like Gecko) Chrome/47.0.2526.106 Safari/537.36" 	6ms
0:0:0:0:0:0:0:1 	admin 	[2016-01-08 17:24:28.879] 	"GET /document/Locali?call_id=1&skip=0&page=0&recordsPerPage=10&orderBy=_creation_date+asc HTTP/1.1" 	200 	3730 	"Mozilla/5.0 (Windows NT 6.3; WOW64) AppleWebKit/537.36 (KHTML, like Gecko) Chrome/47.0.2526.106 Safari/537.36" 	13ms
0:0:0:0:0:0:0:1 	admin 	[2016-01-08 17:24:28.911] 	"GET /document/Locali?call_id=1&count=true HTTP/1.1" 	200 	80 	"Mozilla/5.0 (Windows NT 6.3; WOW64) AppleWebKit/537.36 (KHTML, like Gecko) Chrome/47.0.2526.106 Safari/537.36" 	11ms
0:0:0:0:0:0:0:1 	admin 	[2016-01-08 17:24:28.927] 	"GET /document/Locali?call_id=1&count=true HTTP/1.1" 	200 	80 	"Mozilla/5.0 (Windows NT 6.3; WOW64) AppleWebKit/537.36 (KHTML, like Gecko) Chrome/47.0.2526.106 Safari/537.36" 	5ms
0:0:0:0:0:0:0:1 	admin 	[2016-01-08 17:24:56.298] 	"PUT /document/Locali/%236bf16707-7422-4dea-9899-f5bd3a4a4706?isUUID=true HTTP/1.1" 	200 	407 	"Mozilla/5.0 (Windows NT 6.3; WOW64) AppleWebKit/537.36 (KHTML, like Gecko) Chrome/47.0.2526.106 Safari/537.36" 	6ms
0:0:0:0:0:0:0:1 	admin 	[2016-01-08 17:24:56.336] 	"GET /document/Locali?call_id=1&skip=0&page=0&recordsPerPage=10&orderBy=_creation_date+asc HTTP/1.1" 	200 	3756 	"Mozilla/5.0 (Windows NT 6.3; WOW64) AppleWebKit/537.36 (KHTML, like Gecko) Chrome/47.0.2526.106 Safari/537.36" 	14ms
0:0:0:0:0:0:0:1 	admin 	[2016-01-08 17:24:56.363] 	"GET /document/Locali?call_id=1&count=true HTTP/1.1" 	200 	80 	"Mozilla/5.0 (Windows NT 6.3; WOW64) AppleWebKit/537.36 (KHTML, like Gecko) Chrome/47.0.2526.106 Safari/537.36" 	16ms
0:0:0:0:0:0:0:1 	admin 	[2016-01-08 17:24:56.385] 	"GET /document/Locali?call_id=1&count=true HTTP/1.1" 	200 	80 	"Mozilla/5.0 (Windows NT 6.3; WOW64) AppleWebKit/537.36 (KHTML, like Gecko) Chrome/47.0.2526.106 Safari/537.36" 	13ms
0:0:0:0:0:0:0:1 	admin 	[2016-01-08 17:25:01.761] 	"GET /refresh HTTP/1.1" 	200 	41 	"Mozilla/5.0 (Windows NT 6.3; WOW64) AppleWebKit/537.36 (KHTML, like Gecko) Chrome/47.0.2526.106 Safari/537.36" 	0ms
0:0:0:0:0:0:0:1 	admin 	[2016-01-08 17:25:18.142] 	"PUT /document/Locali/%2368b1506d-8d93-466b-973a-e120b175c4f7?isUUID=true HTTP/1.1" 	200 	391 	"Mozilla/5.0 (Windows NT 6.3; WOW64) AppleWebKit/537.36 (KHTML, like Gecko) Chrome/47.0.2526.106 Safari/537.36" 	8ms
0:0:0:0:0:0:0:1 	admin 	[2016-01-08 17:25:18.184] 	"GET /document/Locali?call_id=1&skip=0&page=0&recordsPerPage=10&orderBy=_creation_date+asc HTTP/1.1" 	200 	3779 	"Mozilla/5.0 (Windows NT 6.3; WOW64) AppleWebKit/537.36 (KHTML, like Gecko) Chrome/47.0.2526.106 Safari/537.36" 	14ms
0:0:0:0:0:0:0:1 	admin 	[2016-01-08 17:25:18.216] 	"GET /document/Locali?call_id=1&count=true HTTP/1.1" 	200 	80 	"Mozilla/5.0 (Windows NT 6.3; WOW64) AppleWebKit/537.36 (KHTML, like Gecko) Chrome/47.0.2526.106 Safari/537.36" 	11ms
0:0:0:0:0:0:0:1 	admin 	[2016-01-08 17:25:18.231] 	"GET /document/Locali?call_id=1&count=true HTTP/1.1" 	200 	80 	"Mozilla/5.0 (Windows NT 6.3; WOW64) AppleWebKit/537.36 (KHTML, like Gecko) Chrome/47.0.2526.106 Safari/537.36" 	5ms
0:0:0:0:0:0:0:1 	admin 	[2016-01-08 17:25:44.799] 	"PUT /document/Locali/%23bfd65f0b-c0e1-4fdc-a26b-63b97b629585?isUUID=true HTTP/1.1" 	200 	412 	"Mozilla/5.0 (Windows NT 6.3; WOW64) AppleWebKit/537.36 (KHTML, like Gecko) Chrome/47.0.2526.106 Safari/537.36" 	9ms
0:0:0:0:0:0:0:1 	admin 	[2016-01-08 17:25:44.841] 	"GET /document/Locali?call_id=1&skip=0&page=0&recordsPerPage=10&orderBy=_creation_date+asc HTTP/1.1" 	200 	3799 	"Mozilla/5.0 (Windows NT 6.3; WOW64) AppleWebKit/537.36 (KHTML, like Gecko) Chrome/47.0.2526.106 Safari/537.36" 	7ms
0:0:0:0:0:0:0:1 	admin 	[2016-01-08 17:25:44.860] 	"GET /document/Locali?call_id=1&count=true HTTP/1.1" 	200 	80 	"Mozilla/5.0 (Windows NT 6.3; WOW64) AppleWebKit/537.36 (KHTML, like Gecko) Chrome/47.0.2526.106 Safari/537.36" 	11ms
0:0:0:0:0:0:0:1 	admin 	[2016-01-08 17:25:44.877] 	"GET /document/Locali?call_id=1&count=true HTTP/1.1" 	200 	80 	"Mozilla/5.0 (Windows NT 6.3; WOW64) AppleWebKit/537.36 (KHTML, like Gecko) Chrome/47.0.2526.106 Safari/537.36" 	10ms
127.0.0.1 	- 	[2016-01-08 17:27:38.243] 	"POST /login HTTP/1.1" 	200 	229 	"Mozilla/5.0 (Windows NT 6.3; WOW64) AppleWebKit/537.36 (KHTML, like Gecko) Chrome/47.0.2526.106 Safari/537.36" 	10ms
127.0.0.1 	admin 	[2016-01-08 17:27:38.277] 	"GET /document/frutta?page=0&recordsPerPage=50 HTTP/1.1" 	200 	1136 	"Mozilla/5.0 (Windows NT 6.3; WOW64) AppleWebKit/537.36 (KHTML, like Gecko) Chrome/47.0.2526.106 Safari/537.36" 	12ms
127.0.0.1 	admin 	[2016-01-08 17:27:40.291] 	"GET /document/drink?where=ingrediente1=nullOR%20ingrediente2=nullOR%20ingrediente3=null HTTP/1.1" 	500 	785 	"Mozilla/5.0 (Windows NT 6.3; WOW64) AppleWebKit/537.36 (KHTML, like Gecko) Chrome/47.0.2526.106 Safari/537.36" 	22ms
127.0.0.1 	admin 	[2016-01-08 17:27:42.888] 	"GET /document/frutta?page=0&recordsPerPage=50 HTTP/1.1" 	200 	1136 	"Mozilla/5.0 (Windows NT 6.3; WOW64) AppleWebKit/537.36 (KHTML, like Gecko) Chrome/47.0.2526.106 Safari/537.36" 	6ms
127.0.0.1 	admin 	[2016-01-08 17:27:44.752] 	"GET /document/drink?where=ingrediente1=nullOR%20ingrediente2=nullOR%20ingrediente3=null HTTP/1.1" 	500 	785 	"Mozilla/5.0 (Windows NT 6.3; WOW64) AppleWebKit/537.36 (KHTML, like Gecko) Chrome/47.0.2526.106 Safari/537.36" 	16ms
127.0.0.1 	admin 	[2016-01-08 17:27:44.752] 	"GET /document/drink?where=ingrediente1=%27Arancia%27OR%20ingrediente2=%27Arancia%27OR%20ingrediente3=%27Arancia%27 HTTP/1.1" 	200 	493 	"Mozilla/5.0 (Windows NT 6.3; WOW64) AppleWebKit/537.36 (KHTML, like Gecko) Chrome/47.0.2526.106 Safari/537.36" 	16ms
127.0.0.1 	admin 	[2016-01-08 17:27:46.407] 	"GET /document/analcolici?where=ingrediente1=%27Arancia%27OR%20ingrediente2=%27Arancia%27OR%20ingrediente3=%27Arancia%27 HTTP/1.1" 	200 	1851 	"Mozilla/5.0 (Windows NT 6.3; WOW64) AppleWebKit/537.36 (KHTML, like Gecko) Chrome/47.0.2526.106 Safari/537.36" 	12ms
127.0.0.1 	admin 	[2016-01-08 17:27:46.407] 	"GET /document/analcolici?where=ingrediente1=nullOR%20ingrediente2=nullOR%20ingrediente3=null HTTP/1.1" 	500 	790 	"Mozilla/5.0 (Windows NT 6.3; WOW64) AppleWebKit/537.36 (KHTML, like Gecko) Chrome/47.0.2526.106 Safari/537.36" 	18ms
127.0.0.1 	admin 	[2016-01-08 17:27:48.754] 	"GET /document/drink?where=ident=%27id4%27 HTTP/1.1" 	200 	711 	"Mozilla/5.0 (Windows NT 6.3; WOW64) AppleWebKit/537.36 (KHTML, like Gecko) Chrome/47.0.2526.106 Safari/537.36" 	5ms
127.0.0.1 	admin 	[2016-01-08 17:27:48.784] 	"GET /document/Preferiti?where=drink=%27B52%27 HTTP/1.1" 	200 	41 	"Mozilla/5.0 (Windows NT 6.3; WOW64) AppleWebKit/537.36 (KHTML, like Gecko) Chrome/47.0.2526.106 Safari/537.36" 	6ms
127.0.0.1 	admin 	[2016-01-08 17:27:59.218] 	"GET /document/drink?where=ingrediente1=%27Arancia%27OR%20ingrediente2=%27Arancia%27OR%20ingrediente3=%27Arancia%27 HTTP/1.1" 	200 	493 	"Mozilla/5.0 (Windows NT 6.3; WOW64) AppleWebKit/537.36 (KHTML, like Gecko) Chrome/47.0.2526.106 Safari/537.36" 	8ms
127.0.0.1 	admin 	[2016-01-08 17:27:59.218] 	"GET /document/drink?where=ingrediente1=nullOR%20ingrediente2=nullOR%20ingrediente3=null HTTP/1.1" 	500 	785 	"Mozilla/5.0 (Windows NT 6.3; WOW64) AppleWebKit/537.36 (KHTML, like Gecko) Chrome/47.0.2526.106 Safari/537.36" 	12ms
127.0.0.1 	admin 	[2016-01-08 17:28:01.328] 	"GET /document/analcolici?where=ingrediente1=%27Arancia%27OR%20ingrediente2=%27Arancia%27OR%20ingrediente3=%27Arancia%27 HTTP/1.1" 	200 	1851 	"Mozilla/5.0 (Windows NT 6.3; WOW64) AppleWebKit/537.36 (KHTML, like Gecko) Chrome/47.0.2526.106 Safari/537.36" 	7ms
127.0.0.1 	admin 	[2016-01-08 17:28:01.328] 	"GET /document/analcolici?where=ingrediente1=nullOR%20ingrediente2=nullOR%20ingrediente3=null HTTP/1.1" 	500 	790 	"Mozilla/5.0 (Windows NT 6.3; WOW64) AppleWebKit/537.36 (KHTML, like Gecko) Chrome/47.0.2526.106 Safari/537.36" 	10ms
127.0.0.1 	admin 	[2016-01-08 17:30:01.582] 	"GET /document/drink?where=ident=%27id1%27 HTTP/1.1" 	200 	493 	"Mozilla/5.0 (Windows NT 6.3; WOW64) AppleWebKit/537.36 (KHTML, like Gecko) Chrome/47.0.2526.106 Safari/537.36" 	7ms
127.0.0.1 	admin 	[2016-01-08 17:30:01.598] 	"GET /document/Preferiti?where=drink=%27Abbey%27 HTTP/1.1" 	200 	394 	"Mozilla/5.0 (Windows NT 6.3; WOW64) AppleWebKit/537.36 (KHTML, like Gecko) Chrome/47.0.2526.106 Safari/537.36" 	6ms
0:0:0:0:0:0:0:1 	admin 	[2016-01-08 17:30:02.101] 	"GET /refresh HTTP/1.1" 	200 	41 	"Mozilla/5.0 (Windows NT 6.3; WOW64) AppleWebKit/537.36 (KHTML, like Gecko) Chrome/47.0.2526.106 Safari/537.36" 	3ms
127.0.0.1 	admin 	[2016-01-08 17:30:09.11] 	"GET /document/drink?where=ingrediente1=%27Arancia%27OR%20ingrediente2=%27Arancia%27OR%20ingrediente3=%27Arancia%27 HTTP/1.1" 	200 	493 	"Mozilla/5.0 (Windows NT 6.3; WOW64) AppleWebKit/537.36 (KHTML, like Gecko) Chrome/47.0.2526.106 Safari/537.36" 	9ms
127.0.0.1 	admin 	[2016-01-08 17:30:09.11] 	"GET /document/drink?where=ingrediente1=nullOR%20ingrediente2=nullOR%20ingrediente3=null HTTP/1.1" 	500 	785 	"Mozilla/5.0 (Windows NT 6.3; WOW64) AppleWebKit/537.36 (KHTML, like Gecko) Chrome/47.0.2526.106 Safari/537.36" 	16ms
127.0.0.1 	admin 	[2016-01-08 17:30:13.882] 	"GET /document/analcolici?where=ingrediente1=%27Arancia%27OR%20ingrediente2=%27Arancia%27OR%20ingrediente3=%27Arancia%27 HTTP/1.1" 	200 	1851 	"Mozilla/5.0 (Windows NT 6.3; WOW64) AppleWebKit/537.36 (KHTML, like Gecko) Chrome/47.0.2526.106 Safari/537.36" 	10ms
127.0.0.1 	admin 	[2016-01-08 17:30:13.882] 	"GET /document/analcolici?where=ingrediente1=nullOR%20ingrediente2=nullOR%20ingrediente3=null HTTP/1.1" 	500 	790 	"Mozilla/5.0 (Windows NT 6.3; WOW64) AppleWebKit/537.36 (KHTML, like Gecko) Chrome/47.0.2526.106 Safari/537.36" 	13ms
127.0.0.1 	admin 	[2016-01-08 17:30:16.625] 	"GET /document/drink?where=ident=%27id1%27 HTTP/1.1" 	200 	493 	"Mozilla/5.0 (Windows NT 6.3; WOW64) AppleWebKit/537.36 (KHTML, like Gecko) Chrome/47.0.2526.106 Safari/537.36" 	6ms
127.0.0.1 	admin 	[2016-01-08 17:30:16.643] 	"GET /document/Preferiti?where=drink=%27Abbey%27 HTTP/1.1" 	200 	394 	"Mozilla/5.0 (Windows NT 6.3; WOW64) AppleWebKit/537.36 (KHTML, like Gecko) Chrome/47.0.2526.106 Safari/537.36" 	7ms
127.0.0.1 	admin 	[2016-01-08 17:30:19.103] 	"GET /document/drink?where=ingrediente1=%27Arancia%27OR%20ingrediente2=%27Arancia%27OR%20ingrediente3=%27Arancia%27 HTTP/1.1" 	200 	493 	"Mozilla/5.0 (Windows NT 6.3; WOW64) AppleWebKit/537.36 (KHTML, like Gecko) Chrome/47.0.2526.106 Safari/537.36" 	10ms
127.0.0.1 	admin 	[2016-01-08 17:30:19.103] 	"GET /document/drink?where=ingrediente1=nullOR%20ingrediente2=nullOR%20ingrediente3=null HTTP/1.1" 	500 	785 	"Mozilla/5.0 (Windows NT 6.3; WOW64) AppleWebKit/537.36 (KHTML, like Gecko) Chrome/47.0.2526.106 Safari/537.36" 	20ms
127.0.0.1 	admin 	[2016-01-08 17:30:20.725] 	"GET /document/analcolici?where=ingrediente1=%27Arancia%27OR%20ingrediente2=%27Arancia%27OR%20ingrediente3=%27Arancia%27 HTTP/1.1" 	200 	1851 	"Mozilla/5.0 (Windows NT 6.3; WOW64) AppleWebKit/537.36 (KHTML, like Gecko) Chrome/47.0.2526.106 Safari/537.36" 	7ms
127.0.0.1 	admin 	[2016-01-08 17:30:20.725] 	"GET /document/analcolici?where=ingrediente1=nullOR%20ingrediente2=nullOR%20ingrediente3=null HTTP/1.1" 	500 	790 	"Mozilla/5.0 (Windows NT 6.3; WOW64) AppleWebKit/537.36 (KHTML, like Gecko) Chrome/47.0.2526.106 Safari/537.36" 	11ms
127.0.0.1 	- 	[2016-01-08 17:32:43.337] 	"POST /login HTTP/1.1" 	200 	229 	"Mozilla/5.0 (Windows NT 6.3; WOW64) AppleWebKit/537.36 (KHTML, like Gecko) Chrome/47.0.2526.106 Safari/537.36" 	6ms
127.0.0.1 	admin 	[2016-01-08 17:32:43.370] 	"GET /document/frutta?page=0&recordsPerPage=50 HTTP/1.1" 	200 	1136 	"Mozilla/5.0 (Windows NT 6.3; WOW64) AppleWebKit/537.36 (KHTML, like Gecko) Chrome/47.0.2526.106 Safari/537.36" 	8ms
127.0.0.1 	- 	[2016-01-08 17:33:02.238] 	"POST /login HTTP/1.1" 	200 	229 	"Mozilla/5.0 (Windows NT 6.3; WOW64) AppleWebKit/537.36 (KHTML, like Gecko) Chrome/47.0.2526.106 Safari/537.36" 	7ms
127.0.0.1 	admin 	[2016-01-08 17:33:02.264] 	"GET /document/frutta?page=0&recordsPerPage=50 HTTP/1.1" 	200 	1136 	"Mozilla/5.0 (Windows NT 6.3; WOW64) AppleWebKit/537.36 (KHTML, like Gecko) Chrome/47.0.2526.106 Safari/537.36" 	14ms
127.0.0.1 	admin 	[2016-01-08 17:33:05.647] 	"GET /document/drink?where=ingrediente1=%27Arancia%27OR%20ingrediente2=%27Arancia%27OR%20ingrediente3=%27Arancia%27 HTTP/1.1" 	200 	493 	"Mozilla/5.0 (Windows NT 6.3; WOW64) AppleWebKit/537.36 (KHTML, like Gecko) Chrome/47.0.2526.106 Safari/537.36" 	10ms
127.0.0.1 	admin 	[2016-01-08 17:33:05.647] 	"GET /document/drink?where=ingrediente1=nullOR%20ingrediente2=nullOR%20ingrediente3=null HTTP/1.1" 	500 	785 	"Mozilla/5.0 (Windows NT 6.3; WOW64) AppleWebKit/537.36 (KHTML, like Gecko) Chrome/47.0.2526.106 Safari/537.36" 	13ms
127.0.0.1 	admin 	[2016-01-08 17:33:08.754] 	"GET /document/analcolici?where=ingrediente1=%27Arancia%27OR%20ingrediente2=%27Arancia%27OR%20ingrediente3=%27Arancia%27 HTTP/1.1" 	200 	1851 	"Mozilla/5.0 (Windows NT 6.3; WOW64) AppleWebKit/537.36 (KHTML, like Gecko) Chrome/47.0.2526.106 Safari/537.36" 	7ms
127.0.0.1 	admin 	[2016-01-08 17:33:08.758] 	"GET /document/analcolici?where=ingrediente1=nullOR%20ingrediente2=nullOR%20ingrediente3=null HTTP/1.1" 	500 	790 	"Mozilla/5.0 (Windows NT 6.3; WOW64) AppleWebKit/537.36 (KHTML, like Gecko) Chrome/47.0.2526.106 Safari/537.36" 	19ms
127.0.0.1 	admin 	[2016-01-08 17:33:09.886] 	"GET /document/analcolici?where=ident=%27id1%27 HTTP/1.1" 	200 	465 	"Mozilla/5.0 (Windows NT 6.3; WOW64) AppleWebKit/537.36 (KHTML, like Gecko) Chrome/47.0.2526.106 Safari/537.36" 	4ms
127.0.0.1 	admin 	[2016-01-08 17:33:09.939] 	"GET /document/Preferiti?where=drink=%27Lemon%20Cocktail%27 HTTP/1.1" 	200 	41 	"Mozilla/5.0 (Windows NT 6.3; WOW64) AppleWebKit/537.36 (KHTML, like Gecko) Chrome/47.0.2526.106 Safari/537.36" 	5ms
0:0:0:0:0:0:0:1 	admin 	[2016-01-08 17:35:02.103] 	"GET /refresh HTTP/1.1" 	200 	41 	"Mozilla/5.0 (Windows NT 6.3; WOW64) AppleWebKit/537.36 (KHTML, like Gecko) Chrome/47.0.2526.106 Safari/537.36" 	4ms
127.0.0.1 	- 	[2016-01-08 17:36:09.278] 	"POST /login HTTP/1.1" 	200 	229 	"Mozilla/5.0 (Windows NT 6.3; WOW64) AppleWebKit/537.36 (KHTML, like Gecko) Chrome/47.0.2526.106 Safari/537.36" 	7ms
127.0.0.1 	admin 	[2016-01-08 17:36:09.302] 	"GET /document/frutta?page=0&recordsPerPage=50 HTTP/1.1" 	200 	1136 	"Mozilla/5.0 (Windows NT 6.3; WOW64) AppleWebKit/537.36 (KHTML, like Gecko) Chrome/47.0.2526.106 Safari/537.36" 	7ms
127.0.0.1 	admin 	[2016-01-08 17:36:11.32] 	"GET /document/drink?where=ingrediente1=%27Arancia%27OR%20ingrediente2=%27Arancia%27OR%20ingrediente3=%27Arancia%27 HTTP/1.1" 	200 	493 	"Mozilla/5.0 (Windows NT 6.3; WOW64) AppleWebKit/537.36 (KHTML, like Gecko) Chrome/47.0.2526.106 Safari/537.36" 	9ms
127.0.0.1 	admin 	[2016-01-08 17:36:11.32] 	"GET /document/drink?where=ingrediente1=nullOR%20ingrediente2=nullOR%20ingrediente3=null HTTP/1.1" 	500 	785 	"Mozilla/5.0 (Windows NT 6.3; WOW64) AppleWebKit/537.36 (KHTML, like Gecko) Chrome/47.0.2526.106 Safari/537.36" 	14ms
127.0.0.1 	admin 	[2016-01-08 17:36:12.917] 	"GET /document/drink?where=ingrediente1=%27Arancia%27OR%20ingrediente2=%27Arancia%27OR%20ingrediente3=%27Arancia%27 HTTP/1.1" 	200 	493 	"Mozilla/5.0 (Windows NT 6.3; WOW64) AppleWebKit/537.36 (KHTML, like Gecko) Chrome/47.0.2526.106 Safari/537.36" 	11ms
127.0.0.1 	admin 	[2016-01-08 17:36:12.919] 	"GET /document/drink?where=ingrediente1=nullOR%20ingrediente2=nullOR%20ingrediente3=null HTTP/1.1" 	500 	785 	"Mozilla/5.0 (Windows NT 6.3; WOW64) AppleWebKit/537.36 (KHTML, like Gecko) Chrome/47.0.2526.106 Safari/537.36" 	12ms
127.0.0.1 	admin 	[2016-01-08 17:36:17.651] 	"GET /document/analcolici?where=ingrediente1=%27Arancia%27OR%20ingrediente2=%27Arancia%27OR%20ingrediente3=%27Arancia%27 HTTP/1.1" 	200 	1851 	"Mozilla/5.0 (Windows NT 6.3; WOW64) AppleWebKit/537.36 (KHTML, like Gecko) Chrome/47.0.2526.106 Safari/537.36" 	7ms
127.0.0.1 	admin 	[2016-01-08 17:36:17.651] 	"GET /document/analcolici?where=ingrediente1=nullOR%20ingrediente2=nullOR%20ingrediente3=null HTTP/1.1" 	500 	790 	"Mozilla/5.0 (Windows NT 6.3; WOW64) AppleWebKit/537.36 (KHTML, like Gecko) Chrome/47.0.2526.106 Safari/537.36" 	11ms
