127.0.0.1 	- 	[2015-12-21 10:56:41.950] 	"POST /login HTTP/1.1" 	200 	229 	"Mozilla/5.0 (Macintosh; Intel Mac OS X 10_10_0) AppleWebKit/537.36 (KHTML, like Gecko) Chrome/47.0.2526.80 Safari/537.36" 	218ms
127.0.0.1 	- 	[2015-12-21 10:56:41.950] 	"GET /document/frutta?page=0&recordsPerPage=50 HTTP/1.1" 	401 	636 	"Mozilla/5.0 (Macintosh; Intel Mac OS X 10_10_0) AppleWebKit/537.36 (KHTML, like Gecko) Chrome/47.0.2526.80 Safari/537.36" 	218ms
127.0.0.1 	admin 	[2015-12-21 10:56:43.857] 	"GET /document/alcolici?page=0&recordsPerPage=50 HTTP/1.1" 	200 	2682 	"Mozilla/5.0 (Macintosh; Intel Mac OS X 10_10_0) AppleWebKit/537.36 (KHTML, like Gecko) Chrome/47.0.2526.80 Safari/537.36" 	74ms
127.0.0.1 	admin 	[2015-12-21 10:56:45.161] 	"GET /document/frutta?page=0&recordsPerPage=50 HTTP/1.1" 	200 	1136 	"Mozilla/5.0 (Macintosh; Intel Mac OS X 10_10_0) AppleWebKit/537.36 (KHTML, like Gecko) Chrome/47.0.2526.80 Safari/537.36" 	14ms
127.0.0.1 	- 	[2015-12-21 10:57:31.580] 	"POST /login HTTP/1.1" 	200 	229 	"Mozilla/5.0 (Macintosh; Intel Mac OS X 10_10_0) AppleWebKit/537.36 (KHTML, like Gecko) Chrome/47.0.2526.80 Safari/537.36" 	17ms
127.0.0.1 	admin 	[2015-12-21 10:57:31.585] 	"GET /document/frutta?page=0&recordsPerPage=50 HTTP/1.1" 	200 	1136 	"Mozilla/5.0 (Macintosh; Intel Mac OS X 10_10_0) AppleWebKit/537.36 (KHTML, like Gecko) Chrome/47.0.2526.80 Safari/537.36" 	17ms
127.0.0.1 	admin 	[2015-12-21 10:57:34.122] 	"GET /document/alcolici?page=0&recordsPerPage=50 HTTP/1.1" 	200 	2682 	"Mozilla/5.0 (Macintosh; Intel Mac OS X 10_10_0) AppleWebKit/537.36 (KHTML, like Gecko) Chrome/47.0.2526.80 Safari/537.36" 	15ms
127.0.0.1 	admin 	[2015-12-21 10:57:36.501] 	"GET /document/altro?page=0&recordsPerPage=50 HTTP/1.1" 	200 	1137 	"Mozilla/5.0 (Macintosh; Intel Mac OS X 10_10_0) AppleWebKit/537.36 (KHTML, like Gecko) Chrome/47.0.2526.80 Safari/537.36" 	13ms
127.0.0.1 	admin 	[2015-12-21 10:57:37.511] 	"GET /document/frutta?page=0&recordsPerPage=50 HTTP/1.1" 	200 	1136 	"Mozilla/5.0 (Macintosh; Intel Mac OS X 10_10_0) AppleWebKit/537.36 (KHTML, like Gecko) Chrome/47.0.2526.80 Safari/537.36" 	10ms
127.0.0.1 	admin 	[2015-12-21 10:58:15.205] 	"GET /document/alcolici?page=0&recordsPerPage=50 HTTP/1.1" 	200 	2682 	"Mozilla/5.0 (Macintosh; Intel Mac OS X 10_10_0) AppleWebKit/537.36 (KHTML, like Gecko) Chrome/47.0.2526.80 Safari/537.36" 	16ms
127.0.0.1 	admin 	[2015-12-21 10:58:17.417] 	"GET /document/altro?page=0&recordsPerPage=50 HTTP/1.1" 	200 	1137 	"Mozilla/5.0 (Macintosh; Intel Mac OS X 10_10_0) AppleWebKit/537.36 (KHTML, like Gecko) Chrome/47.0.2526.80 Safari/537.36" 	9ms
127.0.0.1 	admin 	[2015-12-21 10:58:18.137] 	"GET /document/frutta?page=0&recordsPerPage=50 HTTP/1.1" 	200 	1136 	"Mozilla/5.0 (Macintosh; Intel Mac OS X 10_10_0) AppleWebKit/537.36 (KHTML, like Gecko) Chrome/47.0.2526.80 Safari/537.36" 	11ms
0:0:0:0:0:0:0:1 	- 	[2015-12-21 10:58:55.890] 	"GET / HTTP/1.1" 	200 	- 	"Mozilla/5.0 (Macintosh; Intel Mac OS X 10_10_0) AppleWebKit/537.36 (KHTML, like Gecko) Chrome/47.0.2526.80 Safari/537.36" 	3ms
0:0:0:0:0:0:0:1 	- 	[2015-12-21 10:58:55.943] 	"GET /console/img/logo_baasbox_lp.png HTTP/1.1" 	200 	36032 	"Mozilla/5.0 (Macintosh; Intel Mac OS X 10_10_0) AppleWebKit/537.36 (KHTML, like Gecko) Chrome/47.0.2526.80 Safari/537.36" 	85ms
0:0:0:0:0:0:0:1 	- 	[2015-12-21 10:58:56.41] 	"GET /console/favicon.ico HTTP/1.1" 	200 	9662 	"Mozilla/5.0 (Macintosh; Intel Mac OS X 10_10_0) AppleWebKit/537.36 (KHTML, like Gecko) Chrome/47.0.2526.80 Safari/537.36" 	1ms
0:0:0:0:0:0:0:1 	- 	[2015-12-21 10:58:58.436] 	"GET /console HTTP/1.1" 	303 	- 	"Mozilla/5.0 (Macintosh; Intel Mac OS X 10_10_0) AppleWebKit/537.36 (KHTML, like Gecko) Chrome/47.0.2526.80 Safari/537.36" 	1ms
0:0:0:0:0:0:0:1 	- 	[2015-12-21 10:58:58.441] 	"GET /console/ HTTP/1.1" 	200 	- 	"Mozilla/5.0 (Macintosh; Intel Mac OS X 10_10_0) AppleWebKit/537.36 (KHTML, like Gecko) Chrome/47.0.2526.80 Safari/537.36" 	38ms
0:0:0:0:0:0:0:1 	- 	[2015-12-21 10:58:58.493] 	"GET /console/css/baasbox.css HTTP/1.1" 	200 	7642 	"Mozilla/5.0 (Macintosh; Intel Mac OS X 10_10_0) AppleWebKit/537.36 (KHTML, like Gecko) Chrome/47.0.2526.80 Safari/537.36" 	2ms
0:0:0:0:0:0:0:1 	- 	[2015-12-21 10:58:58.493] 	"GET /console/css/bootstrap-responsive.css HTTP/1.1" 	200 	14447 	"Mozilla/5.0 (Macintosh; Intel Mac OS X 10_10_0) AppleWebKit/537.36 (KHTML, like Gecko) Chrome/47.0.2526.80 Safari/537.36" 	2ms
0:0:0:0:0:0:0:1 	- 	[2015-12-21 10:58:58.492] 	"GET /console/css/charisma-app.css HTTP/1.1" 	200 	10647 	"Mozilla/5.0 (Macintosh; Intel Mac OS X 10_10_0) AppleWebKit/537.36 (KHTML, like Gecko) Chrome/47.0.2526.80 Safari/537.36" 	3ms
0:0:0:0:0:0:0:1 	- 	[2015-12-21 10:58:58.492] 	"GET /console/css/s-btns.css HTTP/1.1" 	200 	25903 	"Mozilla/5.0 (Macintosh; Intel Mac OS X 10_10_0) AppleWebKit/537.36 (KHTML, like Gecko) Chrome/47.0.2526.80 Safari/537.36" 	3ms
0:0:0:0:0:0:0:1 	- 	[2015-12-21 10:58:58.493] 	"GET /console/css/bootstrap-classic.css HTTP/1.1" 	200 	134772 	"Mozilla/5.0 (Macintosh; Intel Mac OS X 10_10_0) AppleWebKit/537.36 (KHTML, like Gecko) Chrome/47.0.2526.80 Safari/537.36" 	2ms
0:0:0:0:0:0:0:1 	- 	[2015-12-21 10:58:58.492] 	"GET /console/css/font-awesome.min.css HTTP/1.1" 	200 	21984 	"Mozilla/5.0 (Macintosh; Intel Mac OS X 10_10_0) AppleWebKit/537.36 (KHTML, like Gecko) Chrome/47.0.2526.80 Safari/537.36" 	5ms
0:0:0:0:0:0:0:1 	- 	[2015-12-21 10:58:58.503] 	"GET /console/css/baasbox-jsnippet.css HTTP/1.1" 	200 	4519 	"Mozilla/5.0 (Macintosh; Intel Mac OS X 10_10_0) AppleWebKit/537.36 (KHTML, like Gecko) Chrome/47.0.2526.80 Safari/537.36" 	1ms
0:0:0:0:0:0:0:1 	- 	[2015-12-21 10:58:58.525] 	"GET /console/css/fullcalendar.css HTTP/1.1" 	200 	10699 	"Mozilla/5.0 (Macintosh; Intel Mac OS X 10_10_0) AppleWebKit/537.36 (KHTML, like Gecko) Chrome/47.0.2526.80 Safari/537.36" 	2ms
0:0:0:0:0:0:0:1 	- 	[2015-12-21 10:58:58.525] 	"GET /console/css/chosen.css HTTP/1.1" 	200 	14176 	"Mozilla/5.0 (Macintosh; Intel Mac OS X 10_10_0) AppleWebKit/537.36 (KHTML, like Gecko) Chrome/47.0.2526.80 Safari/537.36" 	2ms
0:0:0:0:0:0:0:1 	- 	[2015-12-21 10:58:58.526] 	"GET /console/css/uniform.default.css HTTP/1.1" 	200 	10598 	"Mozilla/5.0 (Macintosh; Intel Mac OS X 10_10_0) AppleWebKit/537.36 (KHTML, like Gecko) Chrome/47.0.2526.80 Safari/537.36" 	2ms
0:0:0:0:0:0:0:1 	- 	[2015-12-21 10:58:58.525] 	"GET /console/css/jquery-ui-1.8.21.custom.css HTTP/1.1" 	200 	33252 	"Mozilla/5.0 (Macintosh; Intel Mac OS X 10_10_0) AppleWebKit/537.36 (KHTML, like Gecko) Chrome/47.0.2526.80 Safari/537.36" 	4ms
0:0:0:0:0:0:0:1 	- 	[2015-12-21 10:58:58.527] 	"GET /console/css/colorbox.css HTTP/1.1" 	200 	3301 	"Mozilla/5.0 (Macintosh; Intel Mac OS X 10_10_0) AppleWebKit/537.36 (KHTML, like Gecko) Chrome/47.0.2526.80 Safari/537.36" 	3ms
0:0:0:0:0:0:0:1 	- 	[2015-12-21 10:58:58.528] 	"GET /console/css/jquery.cleditor.css HTTP/1.1" 	200 	1394 	"Mozilla/5.0 (Macintosh; Intel Mac OS X 10_10_0) AppleWebKit/537.36 (KHTML, like Gecko) Chrome/47.0.2526.80 Safari/537.36" 	2ms
0:0:0:0:0:0:0:1 	- 	[2015-12-21 10:58:58.534] 	"GET /console/css/jquery.noty.css HTTP/1.1" 	200 	2116 	"Mozilla/5.0 (Macintosh; Intel Mac OS X 10_10_0) AppleWebKit/537.36 (KHTML, like Gecko) Chrome/47.0.2526.80 Safari/537.36" 	2ms
0:0:0:0:0:0:0:1 	- 	[2015-12-21 10:58:58.535] 	"GET /console/css/noty_theme_default.css HTTP/1.1" 	200 	8752 	"Mozilla/5.0 (Macintosh; Intel Mac OS X 10_10_0) AppleWebKit/537.36 (KHTML, like Gecko) Chrome/47.0.2526.80 Safari/537.36" 	2ms
0:0:0:0:0:0:0:1 	- 	[2015-12-21 10:58:58.535] 	"GET /console/css/elfinder.min.css HTTP/1.1" 	200 	29647 	"Mozilla/5.0 (Macintosh; Intel Mac OS X 10_10_0) AppleWebKit/537.36 (KHTML, like Gecko) Chrome/47.0.2526.80 Safari/537.36" 	3ms
0:0:0:0:0:0:0:1 	- 	[2015-12-21 10:58:58.537] 	"GET /console/css/elfinder.theme.css HTTP/1.1" 	200 	1825 	"Mozilla/5.0 (Macintosh; Intel Mac OS X 10_10_0) AppleWebKit/537.36 (KHTML, like Gecko) Chrome/47.0.2526.80 Safari/537.36" 	3ms
0:0:0:0:0:0:0:1 	- 	[2015-12-21 10:58:58.537] 	"GET /console/css/opa-icons.css HTTP/1.1" 	200 	39656 	"Mozilla/5.0 (Macintosh; Intel Mac OS X 10_10_0) AppleWebKit/537.36 (KHTML, like Gecko) Chrome/47.0.2526.80 Safari/537.36" 	3ms
0:0:0:0:0:0:0:1 	- 	[2015-12-21 10:58:58.537] 	"GET /console/css/jquery.iphone.toggle.css HTTP/1.1" 	200 	3901 	"Mozilla/5.0 (Macintosh; Intel Mac OS X 10_10_0) AppleWebKit/537.36 (KHTML, like Gecko) Chrome/47.0.2526.80 Safari/537.36" 	4ms
0:0:0:0:0:0:0:1 	- 	[2015-12-21 10:58:58.543] 	"GET /console/css/lato.css HTTP/1.1" 	200 	119 	"Mozilla/5.0 (Macintosh; Intel Mac OS X 10_10_0) AppleWebKit/537.36 (KHTML, like Gecko) Chrome/47.0.2526.80 Safari/537.36" 	3ms
0:0:0:0:0:0:0:1 	- 	[2015-12-21 10:58:58.543] 	"GET /console/css/uploadify.css HTTP/1.1" 	200 	2452 	"Mozilla/5.0 (Macintosh; Intel Mac OS X 10_10_0) AppleWebKit/537.36 (KHTML, like Gecko) Chrome/47.0.2526.80 Safari/537.36" 	4ms
0:0:0:0:0:0:0:1 	- 	[2015-12-21 10:58:58.546] 	"GET /console/js/jquery-1.7.2.min.js HTTP/1.1" 	200 	94840 	"Mozilla/5.0 (Macintosh; Intel Mac OS X 10_10_0) AppleWebKit/537.36 (KHTML, like Gecko) Chrome/47.0.2526.80 Safari/537.36" 	2ms
0:0:0:0:0:0:0:1 	- 	[2015-12-21 10:58:58.547] 	"GET /console/js/angular.min.js HTTP/1.1" 	200 	78948 	"Mozilla/5.0 (Macintosh; Intel Mac OS X 10_10_0) AppleWebKit/537.36 (KHTML, like Gecko) Chrome/47.0.2526.80 Safari/537.36" 	3ms
0:0:0:0:0:0:0:1 	- 	[2015-12-21 10:58:58.548] 	"GET /console/js/jquery-ui-1.8.21.custom.min.js HTTP/1.1" 	200 	206923 	"Mozilla/5.0 (Macintosh; Intel Mac OS X 10_10_0) AppleWebKit/537.36 (KHTML, like Gecko) Chrome/47.0.2526.80 Safari/537.36" 	2ms
0:0:0:0:0:0:0:1 	- 	[2015-12-21 10:58:58.547] 	"GET /console/js/jquery.zrssfeed.min.js HTTP/1.1" 	200 	3761 	"Mozilla/5.0 (Macintosh; Intel Mac OS X 10_10_0) AppleWebKit/537.36 (KHTML, like Gecko) Chrome/47.0.2526.80 Safari/537.36" 	3ms
0:0:0:0:0:0:0:1 	- 	[2015-12-21 10:58:58.553] 	"GET /console/js/bootstrap-transition.js HTTP/1.1" 	200 	1801 	"Mozilla/5.0 (Macintosh; Intel Mac OS X 10_10_0) AppleWebKit/537.36 (KHTML, like Gecko) Chrome/47.0.2526.80 Safari/537.36" 	2ms
0:0:0:0:0:0:0:1 	- 	[2015-12-21 10:58:58.552] 	"GET /console/js/bootstrap-alert.js HTTP/1.1" 	200 	2392 	"Mozilla/5.0 (Macintosh; Intel Mac OS X 10_10_0) AppleWebKit/537.36 (KHTML, like Gecko) Chrome/47.0.2526.80 Safari/537.36" 	4ms
0:0:0:0:0:0:0:1 	- 	[2015-12-21 10:58:58.555] 	"GET /console/js/bootstrap-modal.js HTTP/1.1" 	200 	5677 	"Mozilla/5.0 (Macintosh; Intel Mac OS X 10_10_0) AppleWebKit/537.36 (KHTML, like Gecko) Chrome/47.0.2526.80 Safari/537.36" 	2ms
0:0:0:0:0:0:0:1 	- 	[2015-12-21 10:58:58.561] 	"GET /console/js/bootstrap-dropdown.js HTTP/1.1" 	200 	2728 	"Mozilla/5.0 (Macintosh; Intel Mac OS X 10_10_0) AppleWebKit/537.36 (KHTML, like Gecko) Chrome/47.0.2526.80 Safari/537.36" 	1ms
0:0:0:0:0:0:0:1 	- 	[2015-12-21 10:58:58.565] 	"GET /console/js/bootstrap-tab.js HTTP/1.1" 	200 	3384 	"Mozilla/5.0 (Macintosh; Intel Mac OS X 10_10_0) AppleWebKit/537.36 (KHTML, like Gecko) Chrome/47.0.2526.80 Safari/537.36" 	2ms
0:0:0:0:0:0:0:1 	- 	[2015-12-21 10:58:58.565] 	"GET /console/js/bootstrap-scrollspy.js HTTP/1.1" 	200 	4375 	"Mozilla/5.0 (Macintosh; Intel Mac OS X 10_10_0) AppleWebKit/537.36 (KHTML, like Gecko) Chrome/47.0.2526.80 Safari/537.36" 	2ms
0:0:0:0:0:0:0:1 	- 	[2015-12-21 10:58:58.565] 	"GET /console/js/bootstrap-tooltip.js HTTP/1.1" 	200 	7674 	"Mozilla/5.0 (Macintosh; Intel Mac OS X 10_10_0) AppleWebKit/537.36 (KHTML, like Gecko) Chrome/47.0.2526.80 Safari/537.36" 	3ms
0:0:0:0:0:0:0:1 	- 	[2015-12-21 10:58:58.566] 	"GET /console/js/bootstrap-popover.js HTTP/1.1" 	200 	2874 	"Mozilla/5.0 (Macintosh; Intel Mac OS X 10_10_0) AppleWebKit/537.36 (KHTML, like Gecko) Chrome/47.0.2526.80 Safari/537.36" 	5ms
0:0:0:0:0:0:0:1 	- 	[2015-12-21 10:58:58.571] 	"GET /console/js/bootstrap-button.js HTTP/1.1" 	200 	2713 	"Mozilla/5.0 (Macintosh; Intel Mac OS X 10_10_0) AppleWebKit/537.36 (KHTML, like Gecko) Chrome/47.0.2526.80 Safari/537.36" 	2ms
0:0:0:0:0:0:0:1 	- 	[2015-12-21 10:58:58.574] 	"GET /console/js/bootstrap-collapse.js HTTP/1.1" 	200 	4398 	"Mozilla/5.0 (Macintosh; Intel Mac OS X 10_10_0) AppleWebKit/537.36 (KHTML, like Gecko) Chrome/47.0.2526.80 Safari/537.36" 	2ms
0:0:0:0:0:0:0:1 	- 	[2015-12-21 10:58:58.574] 	"GET /console/js/bootstrap-carousel.js HTTP/1.1" 	200 	5018 	"Mozilla/5.0 (Macintosh; Intel Mac OS X 10_10_0) AppleWebKit/537.36 (KHTML, like Gecko) Chrome/47.0.2526.80 Safari/537.36" 	4ms
0:0:0:0:0:0:0:1 	- 	[2015-12-21 10:58:58.577] 	"GET /console/js/bootstrap-typeahead.js HTTP/1.1" 	200 	7090 	"Mozilla/5.0 (Macintosh; Intel Mac OS X 10_10_0) AppleWebKit/537.36 (KHTML, like Gecko) Chrome/47.0.2526.80 Safari/537.36" 	2ms
0:0:0:0:0:0:0:1 	- 	[2015-12-21 10:58:58.580] 	"GET /console/js/bootstrap-tour.js HTTP/1.1" 	200 	7048 	"Mozilla/5.0 (Macintosh; Intel Mac OS X 10_10_0) AppleWebKit/537.36 (KHTML, like Gecko) Chrome/47.0.2526.80 Safari/537.36" 	3ms
0:0:0:0:0:0:0:1 	- 	[2015-12-21 10:58:58.584] 	"GET /console/js/fullcalendar.min.js HTTP/1.1" 	200 	49999 	"Mozilla/5.0 (Macintosh; Intel Mac OS X 10_10_0) AppleWebKit/537.36 (KHTML, like Gecko) Chrome/47.0.2526.80 Safari/537.36" 	4ms
0:0:0:0:0:0:0:1 	- 	[2015-12-21 10:58:58.580] 	"GET /console/js/jquery.cookie.js HTTP/1.1" 	200 	1941 	"Mozilla/5.0 (Macintosh; Intel Mac OS X 10_10_0) AppleWebKit/537.36 (KHTML, like Gecko) Chrome/47.0.2526.80 Safari/537.36" 	6ms
0:0:0:0:0:0:0:1 	- 	[2015-12-21 10:58:58.584] 	"GET /console/js/jquery.dataTables.min.js HTTP/1.1" 	200 	72194 	"Mozilla/5.0 (Macintosh; Intel Mac OS X 10_10_0) AppleWebKit/537.36 (KHTML, like Gecko) Chrome/47.0.2526.80 Safari/537.36" 	4ms
0:0:0:0:0:0:0:1 	- 	[2015-12-21 10:58:58.589] 	"GET /console/js/jquery.validate.js HTTP/1.1" 	200 	37363 	"Mozilla/5.0 (Macintosh; Intel Mac OS X 10_10_0) AppleWebKit/537.36 (KHTML, like Gecko) Chrome/47.0.2526.80 Safari/537.36" 	2ms
0:0:0:0:0:0:0:1 	- 	[2015-12-21 10:58:58.588] 	"GET /console/js/jquery.jeditable.js HTTP/1.1" 	200 	22959 	"Mozilla/5.0 (Macintosh; Intel Mac OS X 10_10_0) AppleWebKit/537.36 (KHTML, like Gecko) Chrome/47.0.2526.80 Safari/537.36" 	4ms
0:0:0:0:0:0:0:1 	- 	[2015-12-21 10:58:58.585] 	"GET /console/js/jquery.dataTables.editable.js HTTP/1.1" 	200 	67502 	"Mozilla/5.0 (Macintosh; Intel Mac OS X 10_10_0) AppleWebKit/537.36 (KHTML, like Gecko) Chrome/47.0.2526.80 Safari/537.36" 	7ms
0:0:0:0:0:0:0:1 	- 	[2015-12-21 10:58:58.594] 	"GET /console/js/ColReorderWithResize.js HTTP/1.1" 	200 	37421 	"Mozilla/5.0 (Macintosh; Intel Mac OS X 10_10_0) AppleWebKit/537.36 (KHTML, like Gecko) Chrome/47.0.2526.80 Safari/537.36" 	1ms
0:0:0:0:0:0:0:1 	- 	[2015-12-21 10:58:58.600] 	"GET /console/js/excanvas.js HTTP/1.1" 	200 	41784 	"Mozilla/5.0 (Macintosh; Intel Mac OS X 10_10_0) AppleWebKit/537.36 (KHTML, like Gecko) Chrome/47.0.2526.80 Safari/537.36" 	3ms
0:0:0:0:0:0:0:1 	- 	[2015-12-21 10:58:58.602] 	"GET /console/js/jquery.flot.pie.min.js HTTP/1.1" 	200 	8855 	"Mozilla/5.0 (Macintosh; Intel Mac OS X 10_10_0) AppleWebKit/537.36 (KHTML, like Gecko) Chrome/47.0.2526.80 Safari/537.36" 	2ms
0:0:0:0:0:0:0:1 	- 	[2015-12-21 10:58:58.602] 	"GET /console/js/jquery.flot.min.js HTTP/1.1" 	200 	37554 	"Mozilla/5.0 (Macintosh; Intel Mac OS X 10_10_0) AppleWebKit/537.36 (KHTML, like Gecko) Chrome/47.0.2526.80 Safari/537.36" 	2ms
0:0:0:0:0:0:0:1 	- 	[2015-12-21 10:58:58.606] 	"GET /console/js/jquery.flot.resize.min.js HTTP/1.1" 	200 	1239 	"Mozilla/5.0 (Macintosh; Intel Mac OS X 10_10_0) AppleWebKit/537.36 (KHTML, like Gecko) Chrome/47.0.2526.80 Safari/537.36" 	2ms
0:0:0:0:0:0:0:1 	- 	[2015-12-21 10:58:58.606] 	"GET /console/js/jquery.snippet.min.js HTTP/1.1" 	200 	68446 	"Mozilla/5.0 (Macintosh; Intel Mac OS X 10_10_0) AppleWebKit/537.36 (KHTML, like Gecko) Chrome/47.0.2526.80 Safari/537.36" 	2ms
0:0:0:0:0:0:0:1 	- 	[2015-12-21 10:58:58.606] 	"GET /console/js/jquery.flot.stack.js HTTP/1.1" 	200 	6968 	"Mozilla/5.0 (Macintosh; Intel Mac OS X 10_10_0) AppleWebKit/537.36 (KHTML, like Gecko) Chrome/47.0.2526.80 Safari/537.36" 	3ms
0:0:0:0:0:0:0:1 	- 	[2015-12-21 10:58:58.609] 	"GET /console/js/jquery.uniform.min.js HTTP/1.1" 	200 	9323 	"Mozilla/5.0 (Macintosh; Intel Mac OS X 10_10_0) AppleWebKit/537.36 (KHTML, like Gecko) Chrome/47.0.2526.80 Safari/537.36" 	1ms
0:0:0:0:0:0:0:1 	- 	[2015-12-21 10:58:58.609] 	"GET /console/js/jquery.chosen.min.js HTTP/1.1" 	200 	22939 	"Mozilla/5.0 (Macintosh; Intel Mac OS X 10_10_0) AppleWebKit/537.36 (KHTML, like Gecko) Chrome/47.0.2526.80 Safari/537.36" 	1ms
0:0:0:0:0:0:0:1 	- 	[2015-12-21 10:58:58.611] 	"GET /console/js/jquery.cleditor.min.js HTTP/1.1" 	200 	12047 	"Mozilla/5.0 (Macintosh; Intel Mac OS X 10_10_0) AppleWebKit/537.36 (KHTML, like Gecko) Chrome/47.0.2526.80 Safari/537.36" 	2ms
0:0:0:0:0:0:0:1 	- 	[2015-12-21 10:58:58.611] 	"GET /console/js/jquery.colorbox.min.js HTTP/1.1" 	200 	9690 	"Mozilla/5.0 (Macintosh; Intel Mac OS X 10_10_0) AppleWebKit/537.36 (KHTML, like Gecko) Chrome/47.0.2526.80 Safari/537.36" 	3ms
0:0:0:0:0:0:0:1 	- 	[2015-12-21 10:58:58.613] 	"GET /console/js/jquery.noty.js HTTP/1.1" 	200 	8385 	"Mozilla/5.0 (Macintosh; Intel Mac OS X 10_10_0) AppleWebKit/537.36 (KHTML, like Gecko) Chrome/47.0.2526.80 Safari/537.36" 	1ms
0:0:0:0:0:0:0:1 	- 	[2015-12-21 10:58:58.615] 	"GET /console/js/jquery.elfinder.min.js HTTP/1.1" 	200 	134069 	"Mozilla/5.0 (Macintosh; Intel Mac OS X 10_10_0) AppleWebKit/537.36 (KHTML, like Gecko) Chrome/47.0.2526.80 Safari/537.36" 	2ms
0:0:0:0:0:0:0:1 	- 	[2015-12-21 10:58:58.615] 	"GET /console/js/jquery.raty.min.js HTTP/1.1" 	200 	7549 	"Mozilla/5.0 (Macintosh; Intel Mac OS X 10_10_0) AppleWebKit/537.36 (KHTML, like Gecko) Chrome/47.0.2526.80 Safari/537.36" 	2ms
0:0:0:0:0:0:0:1 	- 	[2015-12-21 10:58:58.617] 	"GET /console/js/jquery.iphone.toggle.js HTTP/1.1" 	200 	9922 	"Mozilla/5.0 (Macintosh; Intel Mac OS X 10_10_0) AppleWebKit/537.36 (KHTML, like Gecko) Chrome/47.0.2526.80 Safari/537.36" 	1ms
0:0:0:0:0:0:0:1 	- 	[2015-12-21 10:58:58.620] 	"GET /console/js/jquery.autogrow-textarea.js HTTP/1.1" 	200 	2136 	"Mozilla/5.0 (Macintosh; Intel Mac OS X 10_10_0) AppleWebKit/537.36 (KHTML, like Gecko) Chrome/47.0.2526.80 Safari/537.36" 	1ms
0:0:0:0:0:0:0:1 	- 	[2015-12-21 10:58:58.620] 	"GET /console/js/history.adapter.jquery.js HTTP/1.1" 	200 	1954 	"Mozilla/5.0 (Macintosh; Intel Mac OS X 10_10_0) AppleWebKit/537.36 (KHTML, like Gecko) Chrome/47.0.2526.80 Safari/537.36" 	1ms
0:0:0:0:0:0:0:1 	- 	[2015-12-21 10:58:58.620] 	"GET /console/js/jquery.uploadify-3.1.min.js HTTP/1.1" 	200 	46268 	"Mozilla/5.0 (Macintosh; Intel Mac OS X 10_10_0) AppleWebKit/537.36 (KHTML, like Gecko) Chrome/47.0.2526.80 Safari/537.36" 	1ms
0:0:0:0:0:0:0:1 	- 	[2015-12-21 10:58:58.622] 	"GET /console/js/history.js HTTP/1.1" 	200 	47418 	"Mozilla/5.0 (Macintosh; Intel Mac OS X 10_10_0) AppleWebKit/537.36 (KHTML, like Gecko) Chrome/47.0.2526.80 Safari/537.36" 	1ms
0:0:0:0:0:0:0:1 	- 	[2015-12-21 10:58:58.622] 	"GET /console/js/ace/ace.js HTTP/1.1" 	200 	337015 	"Mozilla/5.0 (Macintosh; Intel Mac OS X 10_10_0) AppleWebKit/537.36 (KHTML, like Gecko) Chrome/47.0.2526.80 Safari/537.36" 	3ms
0:0:0:0:0:0:0:1 	- 	[2015-12-21 10:58:58.625] 	"GET /console/js/ui-ace.js HTTP/1.1" 	200 	9610 	"Mozilla/5.0 (Macintosh; Intel Mac OS X 10_10_0) AppleWebKit/537.36 (KHTML, like Gecko) Chrome/47.0.2526.80 Safari/537.36" 	1ms
0:0:0:0:0:0:0:1 	- 	[2015-12-21 10:58:58.625] 	"GET /console/js/ace/ext-language_tools.js HTTP/1.1" 	200 	31742 	"Mozilla/5.0 (Macintosh; Intel Mac OS X 10_10_0) AppleWebKit/537.36 (KHTML, like Gecko) Chrome/47.0.2526.80 Safari/537.36" 	1ms
0:0:0:0:0:0:0:1 	- 	[2015-12-21 10:58:58.627] 	"GET /console/js/charisma.js HTTP/1.1" 	200 	9197 	"Mozilla/5.0 (Macintosh; Intel Mac OS X 10_10_0) AppleWebKit/537.36 (KHTML, like Gecko) Chrome/47.0.2526.80 Safari/537.36" 	2ms
0:0:0:0:0:0:0:1 	- 	[2015-12-21 10:58:58.631] 	"GET /console/bbjs/push.js HTTP/1.1" 	200 	7779 	"Mozilla/5.0 (Macintosh; Intel Mac OS X 10_10_0) AppleWebKit/537.36 (KHTML, like Gecko) Chrome/47.0.2526.80 Safari/537.36" 	1ms
0:0:0:0:0:0:0:1 	- 	[2015-12-21 10:58:58.632] 	"GET /console/bbjs/baasboxgui.js HTTP/1.1" 	200 	76360 	"Mozilla/5.0 (Macintosh; Intel Mac OS X 10_10_0) AppleWebKit/537.36 (KHTML, like Gecko) Chrome/47.0.2526.80 Safari/537.36" 	2ms
0:0:0:0:0:0:0:1 	- 	[2015-12-21 10:58:58.632] 	"GET /console/bbjs/scripts.js HTTP/1.1" 	200 	9522 	"Mozilla/5.0 (Macintosh; Intel Mac OS X 10_10_0) AppleWebKit/537.36 (KHTML, like Gecko) Chrome/47.0.2526.80 Safari/537.36" 	2ms
0:0:0:0:0:0:0:1 	- 	[2015-12-21 10:58:58.633] 	"GET /console/bbjs/tour.js HTTP/1.1" 	200 	2264 	"Mozilla/5.0 (Macintosh; Intel Mac OS X 10_10_0) AppleWebKit/537.36 (KHTML, like Gecko) Chrome/47.0.2526.80 Safari/537.36" 	2ms
0:0:0:0:0:0:0:1 	- 	[2015-12-21 10:58:58.636] 	"GET /console/bbjs/whatsnew-tour.js HTTP/1.1" 	200 	1794 	"Mozilla/5.0 (Macintosh; Intel Mac OS X 10_10_0) AppleWebKit/537.36 (KHTML, like Gecko) Chrome/47.0.2526.80 Safari/537.36" 	1ms
0:0:0:0:0:0:0:1 	- 	[2015-12-21 10:58:58.638] 	"GET /console/bbjs/datatable.js HTTP/1.1" 	200 	3991 	"Mozilla/5.0 (Macintosh; Intel Mac OS X 10_10_0) AppleWebKit/537.36 (KHTML, like Gecko) Chrome/47.0.2526.80 Safari/537.36" 	1ms
0:0:0:0:0:0:0:1 	- 	[2015-12-21 10:58:58.638] 	"GET /console/bbjs/documents-datatable.js HTTP/1.1" 	200 	2163 	"Mozilla/5.0 (Macintosh; Intel Mac OS X 10_10_0) AppleWebKit/537.36 (KHTML, like Gecko) Chrome/47.0.2526.80 Safari/537.36" 	2ms
0:0:0:0:0:0:0:1 	- 	[2015-12-21 10:58:58.640] 	"GET /console/bbjs/users-datatable.js HTTP/1.1" 	200 	2211 	"Mozilla/5.0 (Macintosh; Intel Mac OS X 10_10_0) AppleWebKit/537.36 (KHTML, like Gecko) Chrome/47.0.2526.80 Safari/537.36" 	2ms
0:0:0:0:0:0:0:1 	- 	[2015-12-21 10:58:58.644] 	"GET /console/js/jquery.form.js HTTP/1.1" 	200 	39553 	"Mozilla/5.0 (Macintosh; Intel Mac OS X 10_10_0) AppleWebKit/537.36 (KHTML, like Gecko) Chrome/47.0.2526.80 Safari/537.36" 	2ms
0:0:0:0:0:0:0:1 	- 	[2015-12-21 10:58:58.644] 	"GET /console/bbjs/files-datatable.js HTTP/1.1" 	200 	2265 	"Mozilla/5.0 (Macintosh; Intel Mac OS X 10_10_0) AppleWebKit/537.36 (KHTML, like Gecko) Chrome/47.0.2526.80 Safari/537.36" 	2ms
0:0:0:0:0:0:0:1 	- 	[2015-12-21 10:58:58.644] 	"GET /console/bbjs/log.js HTTP/1.1" 	200 	233 	"Mozilla/5.0 (Macintosh; Intel Mac OS X 10_10_0) AppleWebKit/537.36 (KHTML, like Gecko) Chrome/47.0.2526.80 Safari/537.36" 	2ms
0:0:0:0:0:0:0:1 	- 	[2015-12-21 10:58:58.645] 	"GET /console/css/Lato-Bol.ttf HTTP/1.1" 	200 	121788 	"Mozilla/5.0 (Macintosh; Intel Mac OS X 10_10_0) AppleWebKit/537.36 (KHTML, like Gecko) Chrome/47.0.2526.80 Safari/537.36" 	2ms
0:0:0:0:0:0:0:1 	- 	[2015-12-21 10:58:58.651] 	"GET /console/img/opa-icons-color16.png HTTP/1.1" 	200 	45269 	"Mozilla/5.0 (Macintosh; Intel Mac OS X 10_10_0) AppleWebKit/537.36 (KHTML, like Gecko) Chrome/47.0.2526.80 Safari/537.36" 	1ms
0:0:0:0:0:0:0:1 	- 	[2015-12-21 10:58:58.651] 	"GET /console/css/Lato-Regular.ttf HTTP/1.1" 	200 	120196 	"Mozilla/5.0 (Macintosh; Intel Mac OS X 10_10_0) AppleWebKit/537.36 (KHTML, like Gecko) Chrome/47.0.2526.80 Safari/537.36" 	1ms
0:0:0:0:0:0:0:1 	- 	[2015-12-21 10:58:58.654] 	"GET /console/img/glyphicons-halflings.png HTTP/1.1" 	200 	12799 	"Mozilla/5.0 (Macintosh; Intel Mac OS X 10_10_0) AppleWebKit/537.36 (KHTML, like Gecko) Chrome/47.0.2526.80 Safari/537.36" 	2ms
0:0:0:0:0:0:0:1 	- 	[2015-12-21 10:58:58.657] 	"GET /console/img/opa-icons-black16.png HTTP/1.1" 	200 	27897 	"Mozilla/5.0 (Macintosh; Intel Mac OS X 10_10_0) AppleWebKit/537.36 (KHTML, like Gecko) Chrome/47.0.2526.80 Safari/537.36" 	2ms
0:0:0:0:0:0:0:1 	- 	[2015-12-21 10:58:58.659] 	"GET /console/img/logo_baasbox_white.png HTTP/1.1" 	200 	51110 	"Mozilla/5.0 (Macintosh; Intel Mac OS X 10_10_0) AppleWebKit/537.36 (KHTML, like Gecko) Chrome/47.0.2526.80 Safari/537.36" 	1ms
0:0:0:0:0:0:0:1 	- 	[2015-12-21 10:58:58.662] 	"GET /console/css/fullcalendar.print.css HTTP/1.1" 	200 	1337 	"Mozilla/5.0 (Macintosh; Intel Mac OS X 10_10_0) AppleWebKit/537.36 (KHTML, like Gecko) Chrome/47.0.2526.80 Safari/537.36" 	2ms
0:0:0:0:0:0:0:1 	- 	[2015-12-21 10:58:58.670] 	"GET /console/js/routes HTTP/1.1" 	200 	- 	"Mozilla/5.0 (Macintosh; Intel Mac OS X 10_10_0) AppleWebKit/537.36 (KHTML, like Gecko) Chrome/47.0.2526.80 Safari/537.36" 	8ms
0:0:0:0:0:0:0:1 	- 	[2015-12-21 10:58:58.878] 	"GET /console/js/routes HTTP/1.1" 	200 	- 	"Mozilla/5.0 (Macintosh; Intel Mac OS X 10_10_0) AppleWebKit/537.36 (KHTML, like Gecko) Chrome/47.0.2526.80 Safari/537.36" 	4ms
0:0:0:0:0:0:0:1 	- 	[2015-12-21 10:58:59.57] 	"GET /console/js/ace/snippets/text.js HTTP/1.1" 	200 	131 	"Mozilla/5.0 (Macintosh; Intel Mac OS X 10_10_0) AppleWebKit/537.36 (KHTML, like Gecko) Chrome/47.0.2526.80 Safari/537.36" 	2ms
0:0:0:0:0:0:0:1 	- 	[2015-12-21 10:58:59.57] 	"GET /console/js/ace/mode-javascript.js HTTP/1.1" 	200 	21285 	"Mozilla/5.0 (Macintosh; Intel Mac OS X 10_10_0) AppleWebKit/537.36 (KHTML, like Gecko) Chrome/47.0.2526.80 Safari/537.36" 	2ms
0:0:0:0:0:0:0:1 	- 	[2015-12-21 10:58:59.57] 	"GET /console/js/ace/theme-crimson_editor.js HTTP/1.1" 	200 	2812 	"Mozilla/5.0 (Macintosh; Intel Mac OS X 10_10_0) AppleWebKit/537.36 (KHTML, like Gecko) Chrome/47.0.2526.80 Safari/537.36" 	2ms
0:0:0:0:0:0:0:1 	- 	[2015-12-21 10:58:59.66] 	"GET /console/js/ace/mode-json.js HTTP/1.1" 	200 	10772 	"Mozilla/5.0 (Macintosh; Intel Mac OS X 10_10_0) AppleWebKit/537.36 (KHTML, like Gecko) Chrome/47.0.2526.80 Safari/537.36" 	2ms
0:0:0:0:0:0:0:1 	- 	[2015-12-21 10:58:59.144] 	"GET /console/img/sprite.png HTTP/1.1" 	200 	34229 	"Mozilla/5.0 (Macintosh; Intel Mac OS X 10_10_0) AppleWebKit/537.36 (KHTML, like Gecko) Chrome/47.0.2526.80 Safari/537.36" 	2ms
0:0:0:0:0:0:0:1 	- 	[2015-12-21 10:58:59.153] 	"GET /console/img/chosen-sprite.png HTTP/1.1" 	200 	559 	"Mozilla/5.0 (Macintosh; Intel Mac OS X 10_10_0) AppleWebKit/537.36 (KHTML, like Gecko) Chrome/47.0.2526.80 Safari/537.36" 	2ms
0:0:0:0:0:0:0:1 	- 	[2015-12-21 10:58:59.188] 	"GET /console/img/controls.png HTTP/1.1" 	200 	2033 	"Mozilla/5.0 (Macintosh; Intel Mac OS X 10_10_0) AppleWebKit/537.36 (KHTML, like Gecko) Chrome/47.0.2526.80 Safari/537.36" 	2ms
0:0:0:0:0:0:0:1 	- 	[2015-12-21 10:58:59.188] 	"GET /console/img/border.png HTTP/1.1" 	200 	163 	"Mozilla/5.0 (Macintosh; Intel Mac OS X 10_10_0) AppleWebKit/537.36 (KHTML, like Gecko) Chrome/47.0.2526.80 Safari/537.36" 	2ms
0:0:0:0:0:0:0:1 	- 	[2015-12-21 10:58:59.670] 	"GET /console/js/ace/worker-javascript.js HTTP/1.1" 	200 	140675 	"Mozilla/5.0 (Macintosh; Intel Mac OS X 10_10_0) AppleWebKit/537.36 (KHTML, like Gecko) Chrome/47.0.2526.80 Safari/537.36" 	1ms
0:0:0:0:0:0:0:1 	- 	[2015-12-21 10:58:59.676] 	"GET /console/js/ace/snippets/javascript.js HTTP/1.1" 	200 	3642 	"Mozilla/5.0 (Macintosh; Intel Mac OS X 10_10_0) AppleWebKit/537.36 (KHTML, like Gecko) Chrome/47.0.2526.80 Safari/537.36" 	1ms
0:0:0:0:0:0:0:1 	- 	[2015-12-21 10:58:59.678] 	"GET /console/js/ace/worker-json.js HTTP/1.1" 	200 	30950 	"Mozilla/5.0 (Macintosh; Intel Mac OS X 10_10_0) AppleWebKit/537.36 (KHTML, like Gecko) Chrome/47.0.2526.80 Safari/537.36" 	2ms
0:0:0:0:0:0:0:1 	- 	[2015-12-21 10:58:59.842] 	"GET /console/img/opa-icons-darkgray16.png HTTP/1.1" 	200 	38231 	"Mozilla/5.0 (Macintosh; Intel Mac OS X 10_10_0) AppleWebKit/537.36 (KHTML, like Gecko) Chrome/47.0.2526.80 Safari/537.36" 	1ms
0:0:0:0:0:0:0:1 	- 	[2015-12-21 10:58:59.854] 	"GET /console/css/Lato-RegIta.ttf HTTP/1.1" 	200 	118352 	"Mozilla/5.0 (Macintosh; Intel Mac OS X 10_10_0) AppleWebKit/537.36 (KHTML, like Gecko) Chrome/47.0.2526.80 Safari/537.36" 	1ms
0:0:0:0:0:0:0:1 	- 	[2015-12-21 10:59:03.129] 	"POST /login HTTP/1.1" 	200 	229 	"Mozilla/5.0 (Macintosh; Intel Mac OS X 10_10_0) AppleWebKit/537.36 (KHTML, like Gecko) Chrome/47.0.2526.80 Safari/537.36" 	9ms
0:0:0:0:0:0:0:1 	- 	[2015-12-21 10:59:03.144] 	"GET /console/fonts/fontawesome-webfont.woff?v=4.2.0 HTTP/1.1" 	200 	65452 	"Mozilla/5.0 (Macintosh; Intel Mac OS X 10_10_0) AppleWebKit/537.36 (KHTML, like Gecko) Chrome/47.0.2526.80 Safari/537.36" 	1ms
0:0:0:0:0:0:0:1 	- 	[2015-12-21 10:59:03.179] 	"GET /console/img/ajax-loaders/ajax-loader-6.gif HTTP/1.1" 	200 	3951 	"Mozilla/5.0 (Macintosh; Intel Mac OS X 10_10_0) AppleWebKit/537.36 (KHTML, like Gecko) Chrome/47.0.2526.80 Safari/537.36" 	2ms
0:0:0:0:0:0:0:1 	admin 	[2015-12-21 10:59:03.188] 	"GET /admin/dbStatistics HTTP/1.1" 	200 	7183 	"Mozilla/5.0 (Macintosh; Intel Mac OS X 10_10_0) AppleWebKit/537.36 (KHTML, like Gecko) Chrome/47.0.2526.80 Safari/537.36" 	59ms
0:0:0:0:0:0:0:1 	- 	[2015-12-21 10:59:03.259] 	"GET /console/img/opa-icons-black32.png HTTP/1.1" 	200 	82248 	"Mozilla/5.0 (Macintosh; Intel Mac OS X 10_10_0) AppleWebKit/537.36 (KHTML, like Gecko) Chrome/47.0.2526.80 Safari/537.36" 	1ms
0:0:0:0:0:0:0:1 	- 	[2015-12-21 10:59:03.259] 	"GET /console/img/opa-icons-color32.png HTTP/1.1" 	200 	85451 	"Mozilla/5.0 (Macintosh; Intel Mac OS X 10_10_0) AppleWebKit/537.36 (KHTML, like Gecko) Chrome/47.0.2526.80 Safari/537.36" 	1ms
0:0:0:0:0:0:0:1 	- 	[2015-12-21 10:59:03.258] 	"GET /console/img/opa-icons-green32.png HTTP/1.1" 	200 	77493 	"Mozilla/5.0 (Macintosh; Intel Mac OS X 10_10_0) AppleWebKit/537.36 (KHTML, like Gecko) Chrome/47.0.2526.80 Safari/537.36" 	2ms
0:0:0:0:0:0:0:1 	admin 	[2015-12-21 10:59:03.276] 	"GET /admin/dbStatistics HTTP/1.1" 	200 	7183 	"Mozilla/5.0 (Macintosh; Intel Mac OS X 10_10_0) AppleWebKit/537.36 (KHTML, like Gecko) Chrome/47.0.2526.80 Safari/537.36" 	22ms
0:0:0:0:0:0:0:1 	admin 	[2015-12-21 10:59:03.188] 	"GET /admin/version/latest HTTP/1.1" 	200 	290 	"Mozilla/5.0 (Macintosh; Intel Mac OS X 10_10_0) AppleWebKit/537.36 (KHTML, like Gecko) Chrome/47.0.2526.80 Safari/537.36" 	1199ms
0:0:0:0:0:0:0:1 	admin 	[2015-12-21 10:59:07.88] 	"GET /admin/dbStatistics HTTP/1.1" 	200 	7183 	"Mozilla/5.0 (Macintosh; Intel Mac OS X 10_10_0) AppleWebKit/537.36 (KHTML, like Gecko) Chrome/47.0.2526.80 Safari/537.36" 	17ms
0:0:0:0:0:0:0:1 	admin 	[2015-12-21 10:59:09.88] 	"GET /admin/collection?orderBy=name+asc HTTP/1.1" 	200 	297 	"Mozilla/5.0 (Macintosh; Intel Mac OS X 10_10_0) AppleWebKit/537.36 (KHTML, like Gecko) Chrome/47.0.2526.80 Safari/537.36" 	10ms
0:0:0:0:0:0:0:1 	admin 	[2015-12-21 10:59:20.448] 	"GET /admin/dbStatistics HTTP/1.1" 	200 	7183 	"Mozilla/5.0 (Macintosh; Intel Mac OS X 10_10_0) AppleWebKit/537.36 (KHTML, like Gecko) Chrome/47.0.2526.80 Safari/537.36" 	15ms
0:0:0:0:0:0:0:1 	admin 	[2015-12-21 10:59:32.410] 	"POST /admin/collection/Locali HTTP/1.1" 	201 	41 	"Mozilla/5.0 (Macintosh; Intel Mac OS X 10_10_0) AppleWebKit/537.36 (KHTML, like Gecko) Chrome/47.0.2526.80 Safari/537.36" 	194ms
0:0:0:0:0:0:0:1 	admin 	[2015-12-21 10:59:32.617] 	"GET /admin/dbStatistics HTTP/1.1" 	200 	7223 	"Mozilla/5.0 (Macintosh; Intel Mac OS X 10_10_0) AppleWebKit/537.36 (KHTML, like Gecko) Chrome/47.0.2526.80 Safari/537.36" 	14ms
0:0:0:0:0:0:0:1 	admin 	[2015-12-21 10:59:37.158] 	"GET /admin/collection?orderBy=name+asc HTTP/1.1" 	200 	336 	"Mozilla/5.0 (Macintosh; Intel Mac OS X 10_10_0) AppleWebKit/537.36 (KHTML, like Gecko) Chrome/47.0.2526.80 Safari/537.36" 	8ms
0:0:0:0:0:0:0:1 	admin 	[2015-12-21 10:59:39.833] 	"GET /document/Locali?call_id=1&skip=0&page=0&recordsPerPage=10&orderBy=_creation_date+asc HTTP/1.1" 	200 	55 	"Mozilla/5.0 (Macintosh; Intel Mac OS X 10_10_0) AppleWebKit/537.36 (KHTML, like Gecko) Chrome/47.0.2526.80 Safari/537.36" 	13ms
0:0:0:0:0:0:0:1 	admin 	[2015-12-21 10:59:39.851] 	"GET /document/Locali?call_id=1&count=true HTTP/1.1" 	200 	79 	"Mozilla/5.0 (Macintosh; Intel Mac OS X 10_10_0) AppleWebKit/537.36 (KHTML, like Gecko) Chrome/47.0.2526.80 Safari/537.36" 	19ms
0:0:0:0:0:0:0:1 	admin 	[2015-12-21 10:59:39.875] 	"GET /document/Locali?call_id=1&count=true HTTP/1.1" 	200 	79 	"Mozilla/5.0 (Macintosh; Intel Mac OS X 10_10_0) AppleWebKit/537.36 (KHTML, like Gecko) Chrome/47.0.2526.80 Safari/537.36" 	5ms
0:0:0:0:0:0:0:1 	admin 	[2015-12-21 10:59:48.95] 	"GET /document/drink?call_id=1&skip=0&page=0&recordsPerPage=10&orderBy=_creation_date+asc HTTP/1.1" 	200 	4838 	"Mozilla/5.0 (Macintosh; Intel Mac OS X 10_10_0) AppleWebKit/537.36 (KHTML, like Gecko) Chrome/47.0.2526.80 Safari/537.36" 	14ms
0:0:0:0:0:0:0:1 	admin 	[2015-12-21 10:59:48.115] 	"GET /document/drink?call_id=1&count=true HTTP/1.1" 	200 	80 	"Mozilla/5.0 (Macintosh; Intel Mac OS X 10_10_0) AppleWebKit/537.36 (KHTML, like Gecko) Chrome/47.0.2526.80 Safari/537.36" 	8ms
0:0:0:0:0:0:0:1 	admin 	[2015-12-21 10:59:48.127] 	"GET /document/drink?call_id=1&count=true HTTP/1.1" 	200 	80 	"Mozilla/5.0 (Macintosh; Intel Mac OS X 10_10_0) AppleWebKit/537.36 (KHTML, like Gecko) Chrome/47.0.2526.80 Safari/537.36" 	6ms
0:0:0:0:0:0:0:1 	admin 	[2015-12-21 11:00:02.205] 	"GET /document/Locali?call_id=1&skip=0&page=0&recordsPerPage=10&orderBy=_creation_date+asc HTTP/1.1" 	200 	55 	"Mozilla/5.0 (Macintosh; Intel Mac OS X 10_10_0) AppleWebKit/537.36 (KHTML, like Gecko) Chrome/47.0.2526.80 Safari/537.36" 	8ms
0:0:0:0:0:0:0:1 	admin 	[2015-12-21 11:00:02.223] 	"GET /document/Locali?call_id=1&count=true HTTP/1.1" 	200 	79 	"Mozilla/5.0 (Macintosh; Intel Mac OS X 10_10_0) AppleWebKit/537.36 (KHTML, like Gecko) Chrome/47.0.2526.80 Safari/537.36" 	7ms
0:0:0:0:0:0:0:1 	admin 	[2015-12-21 11:00:02.235] 	"GET /document/Locali?call_id=1&count=true HTTP/1.1" 	200 	79 	"Mozilla/5.0 (Macintosh; Intel Mac OS X 10_10_0) AppleWebKit/537.36 (KHTML, like Gecko) Chrome/47.0.2526.80 Safari/537.36" 	6ms
0:0:0:0:0:0:0:1 	admin 	[2015-12-21 11:04:03.140] 	"GET /refresh HTTP/1.1" 	200 	41 	"Mozilla/5.0 (Macintosh; Intel Mac OS X 10_10_0) AppleWebKit/537.36 (KHTML, like Gecko) Chrome/47.0.2526.80 Safari/537.36" 	5ms
0:0:0:0:0:0:0:1 	admin 	[2015-12-21 11:09:03.131] 	"GET /refresh HTTP/1.1" 	200 	41 	"Mozilla/5.0 (Macintosh; Intel Mac OS X 10_10_0) AppleWebKit/537.36 (KHTML, like Gecko) Chrome/47.0.2526.80 Safari/537.36" 	5ms
0:0:0:0:0:0:0:1 	admin 	[2015-12-21 11:09:41.368] 	"POST /document/Locali HTTP/1.1" 	200 	353 	"Mozilla/5.0 (Macintosh; Intel Mac OS X 10_10_0) AppleWebKit/537.36 (KHTML, like Gecko) Chrome/47.0.2526.80 Safari/537.36" 	23ms
0:0:0:0:0:0:0:1 	admin 	[2015-12-21 11:09:41.409] 	"GET /document/Locali?call_id=1&skip=0&page=0&recordsPerPage=10&orderBy=_creation_date+asc HTTP/1.1" 	200 	369 	"Mozilla/5.0 (Macintosh; Intel Mac OS X 10_10_0) AppleWebKit/537.36 (KHTML, like Gecko) Chrome/47.0.2526.80 Safari/537.36" 	11ms
0:0:0:0:0:0:0:1 	admin 	[2015-12-21 11:09:41.425] 	"GET /document/Locali?call_id=1&count=true HTTP/1.1" 	200 	79 	"Mozilla/5.0 (Macintosh; Intel Mac OS X 10_10_0) AppleWebKit/537.36 (KHTML, like Gecko) Chrome/47.0.2526.80 Safari/537.36" 	7ms
0:0:0:0:0:0:0:1 	admin 	[2015-12-21 11:09:41.436] 	"GET /document/Locali?call_id=1&count=true HTTP/1.1" 	200 	79 	"Mozilla/5.0 (Macintosh; Intel Mac OS X 10_10_0) AppleWebKit/537.36 (KHTML, like Gecko) Chrome/47.0.2526.80 Safari/537.36" 	6ms
0:0:0:0:0:0:0:1 	admin 	[2015-12-21 11:09:58.817] 	"PUT /document/Locali/%23d4c5b874-a0ff-4afb-8151-cf7c43d4474c?isUUID=true HTTP/1.1" 	200 	353 	"Mozilla/5.0 (Macintosh; Intel Mac OS X 10_10_0) AppleWebKit/537.36 (KHTML, like Gecko) Chrome/47.0.2526.80 Safari/537.36" 	10ms
0:0:0:0:0:0:0:1 	admin 	[2015-12-21 11:09:58.849] 	"GET /document/Locali?call_id=1&skip=0&page=0&recordsPerPage=10&orderBy=_creation_date+asc HTTP/1.1" 	200 	369 	"Mozilla/5.0 (Macintosh; Intel Mac OS X 10_10_0) AppleWebKit/537.36 (KHTML, like Gecko) Chrome/47.0.2526.80 Safari/537.36" 	9ms
0:0:0:0:0:0:0:1 	admin 	[2015-12-21 11:09:58.863] 	"GET /document/Locali?call_id=1&count=true HTTP/1.1" 	200 	79 	"Mozilla/5.0 (Macintosh; Intel Mac OS X 10_10_0) AppleWebKit/537.36 (KHTML, like Gecko) Chrome/47.0.2526.80 Safari/537.36" 	6ms
0:0:0:0:0:0:0:1 	admin 	[2015-12-21 11:09:58.875] 	"GET /document/Locali?call_id=1&count=true HTTP/1.1" 	200 	79 	"Mozilla/5.0 (Macintosh; Intel Mac OS X 10_10_0) AppleWebKit/537.36 (KHTML, like Gecko) Chrome/47.0.2526.80 Safari/537.36" 	6ms
0:0:0:0:0:0:0:1 	admin 	[2015-12-21 11:11:58.486] 	"POST /document/Locali HTTP/1.1" 	200 	343 	"Mozilla/5.0 (Macintosh; Intel Mac OS X 10_10_0) AppleWebKit/537.36 (KHTML, like Gecko) Chrome/47.0.2526.80 Safari/537.36" 	8ms
0:0:0:0:0:0:0:1 	admin 	[2015-12-21 11:11:58.515] 	"GET /document/Locali?call_id=1&skip=0&page=0&recordsPerPage=10&orderBy=_creation_date+asc HTTP/1.1" 	200 	674 	"Mozilla/5.0 (Macintosh; Intel Mac OS X 10_10_0) AppleWebKit/537.36 (KHTML, like Gecko) Chrome/47.0.2526.80 Safari/537.36" 	10ms
0:0:0:0:0:0:0:1 	admin 	[2015-12-21 11:11:58.530] 	"GET /document/Locali?call_id=1&count=true HTTP/1.1" 	200 	79 	"Mozilla/5.0 (Macintosh; Intel Mac OS X 10_10_0) AppleWebKit/537.36 (KHTML, like Gecko) Chrome/47.0.2526.80 Safari/537.36" 	6ms
0:0:0:0:0:0:0:1 	admin 	[2015-12-21 11:11:58.541] 	"GET /document/Locali?call_id=1&count=true HTTP/1.1" 	200 	79 	"Mozilla/5.0 (Macintosh; Intel Mac OS X 10_10_0) AppleWebKit/537.36 (KHTML, like Gecko) Chrome/47.0.2526.80 Safari/537.36" 	4ms
0:0:0:0:0:0:0:1 	admin 	[2015-12-21 11:14:03.123] 	"GET /refresh HTTP/1.1" 	200 	41 	"Mozilla/5.0 (Macintosh; Intel Mac OS X 10_10_0) AppleWebKit/537.36 (KHTML, like Gecko) Chrome/47.0.2526.80 Safari/537.36" 	4ms
0:0:0:0:0:0:0:1 	admin 	[2015-12-21 11:14:12.199] 	"POST /document/Locali HTTP/1.1" 	200 	375 	"Mozilla/5.0 (Macintosh; Intel Mac OS X 10_10_0) AppleWebKit/537.36 (KHTML, like Gecko) Chrome/47.0.2526.80 Safari/537.36" 	8ms
0:0:0:0:0:0:0:1 	admin 	[2015-12-21 11:14:12.227] 	"GET /document/Locali?call_id=1&skip=0&page=0&recordsPerPage=10&orderBy=_creation_date+asc HTTP/1.1" 	200 	1011 	"Mozilla/5.0 (Macintosh; Intel Mac OS X 10_10_0) AppleWebKit/537.36 (KHTML, like Gecko) Chrome/47.0.2526.80 Safari/537.36" 	9ms
0:0:0:0:0:0:0:1 	admin 	[2015-12-21 11:14:12.241] 	"GET /document/Locali?call_id=1&count=true HTTP/1.1" 	200 	79 	"Mozilla/5.0 (Macintosh; Intel Mac OS X 10_10_0) AppleWebKit/537.36 (KHTML, like Gecko) Chrome/47.0.2526.80 Safari/537.36" 	17ms
0:0:0:0:0:0:0:1 	admin 	[2015-12-21 11:14:12.263] 	"GET /document/Locali?call_id=1&count=true HTTP/1.1" 	200 	79 	"Mozilla/5.0 (Macintosh; Intel Mac OS X 10_10_0) AppleWebKit/537.36 (KHTML, like Gecko) Chrome/47.0.2526.80 Safari/537.36" 	5ms
0:0:0:0:0:0:0:1 	admin 	[2015-12-21 11:16:50.714] 	"POST /document/Locali HTTP/1.1" 	200 	337 	"Mozilla/5.0 (Macintosh; Intel Mac OS X 10_10_0) AppleWebKit/537.36 (KHTML, like Gecko) Chrome/47.0.2526.80 Safari/537.36" 	8ms
0:0:0:0:0:0:0:1 	admin 	[2015-12-21 11:16:50.745] 	"GET /document/Locali?call_id=1&skip=0&page=0&recordsPerPage=10&orderBy=_creation_date+asc HTTP/1.1" 	200 	1310 	"Mozilla/5.0 (Macintosh; Intel Mac OS X 10_10_0) AppleWebKit/537.36 (KHTML, like Gecko) Chrome/47.0.2526.80 Safari/537.36" 	7ms
0:0:0:0:0:0:0:1 	admin 	[2015-12-21 11:16:50.757] 	"GET /document/Locali?call_id=1&count=true HTTP/1.1" 	200 	79 	"Mozilla/5.0 (Macintosh; Intel Mac OS X 10_10_0) AppleWebKit/537.36 (KHTML, like Gecko) Chrome/47.0.2526.80 Safari/537.36" 	5ms
0:0:0:0:0:0:0:1 	admin 	[2015-12-21 11:16:50.767] 	"GET /document/Locali?call_id=1&count=true HTTP/1.1" 	200 	79 	"Mozilla/5.0 (Macintosh; Intel Mac OS X 10_10_0) AppleWebKit/537.36 (KHTML, like Gecko) Chrome/47.0.2526.80 Safari/537.36" 	5ms
0:0:0:0:0:0:0:1 	admin 	[2015-12-21 11:17:14.893] 	"PUT /document/Locali/%23e9153cf5-0d7b-4a70-be6a-2724fcecc456?isUUID=true HTTP/1.1" 	200 	382 	"Mozilla/5.0 (Macintosh; Intel Mac OS X 10_10_0) AppleWebKit/537.36 (KHTML, like Gecko) Chrome/47.0.2526.80 Safari/537.36" 	6ms
0:0:0:0:0:0:0:1 	admin 	[2015-12-21 11:17:14.927] 	"GET /document/Locali?call_id=1&skip=0&page=0&recordsPerPage=10&orderBy=_creation_date+asc HTTP/1.1" 	200 	1317 	"Mozilla/5.0 (Macintosh; Intel Mac OS X 10_10_0) AppleWebKit/537.36 (KHTML, like Gecko) Chrome/47.0.2526.80 Safari/537.36" 	7ms
0:0:0:0:0:0:0:1 	admin 	[2015-12-21 11:17:14.938] 	"GET /document/Locali?call_id=1&count=true HTTP/1.1" 	200 	79 	"Mozilla/5.0 (Macintosh; Intel Mac OS X 10_10_0) AppleWebKit/537.36 (KHTML, like Gecko) Chrome/47.0.2526.80 Safari/537.36" 	5ms
0:0:0:0:0:0:0:1 	admin 	[2015-12-21 11:17:14.946] 	"GET /document/Locali?call_id=1&count=true HTTP/1.1" 	200 	79 	"Mozilla/5.0 (Macintosh; Intel Mac OS X 10_10_0) AppleWebKit/537.36 (KHTML, like Gecko) Chrome/47.0.2526.80 Safari/537.36" 	4ms
0:0:0:0:0:0:0:1 	admin 	[2015-12-21 11:18:53.226] 	"POST /document/Locali HTTP/1.1" 	200 	342 	"Mozilla/5.0 (Macintosh; Intel Mac OS X 10_10_0) AppleWebKit/537.36 (KHTML, like Gecko) Chrome/47.0.2526.80 Safari/537.36" 	9ms
0:0:0:0:0:0:0:1 	admin 	[2015-12-21 11:18:53.259] 	"GET /document/Locali?call_id=1&skip=0&page=0&recordsPerPage=10&orderBy=_creation_date+asc HTTP/1.1" 	200 	1621 	"Mozilla/5.0 (Macintosh; Intel Mac OS X 10_10_0) AppleWebKit/537.36 (KHTML, like Gecko) Chrome/47.0.2526.80 Safari/537.36" 	10ms
0:0:0:0:0:0:0:1 	admin 	[2015-12-21 11:18:53.273] 	"GET /document/Locali?call_id=1&count=true HTTP/1.1" 	200 	79 	"Mozilla/5.0 (Macintosh; Intel Mac OS X 10_10_0) AppleWebKit/537.36 (KHTML, like Gecko) Chrome/47.0.2526.80 Safari/537.36" 	4ms
0:0:0:0:0:0:0:1 	admin 	[2015-12-21 11:18:53.281] 	"GET /document/Locali?call_id=1&count=true HTTP/1.1" 	200 	79 	"Mozilla/5.0 (Macintosh; Intel Mac OS X 10_10_0) AppleWebKit/537.36 (KHTML, like Gecko) Chrome/47.0.2526.80 Safari/537.36" 	5ms
0:0:0:0:0:0:0:1 	admin 	[2015-12-21 11:19:03.114] 	"GET /refresh HTTP/1.1" 	200 	41 	"Mozilla/5.0 (Macintosh; Intel Mac OS X 10_10_0) AppleWebKit/537.36 (KHTML, like Gecko) Chrome/47.0.2526.80 Safari/537.36" 	4ms
0:0:0:0:0:0:0:1 	admin 	[2015-12-21 11:21:59.985] 	"POST /document/Locali HTTP/1.1" 	200 	353 	"Mozilla/5.0 (Macintosh; Intel Mac OS X 10_10_0) AppleWebKit/537.36 (KHTML, like Gecko) Chrome/47.0.2526.80 Safari/537.36" 	9ms
0:0:0:0:0:0:0:1 	admin 	[2015-12-21 11:22:00.17] 	"GET /document/Locali?call_id=1&skip=0&page=0&recordsPerPage=10&orderBy=_creation_date+asc HTTP/1.1" 	200 	1936 	"Mozilla/5.0 (Macintosh; Intel Mac OS X 10_10_0) AppleWebKit/537.36 (KHTML, like Gecko) Chrome/47.0.2526.80 Safari/537.36" 	7ms
0:0:0:0:0:0:0:1 	admin 	[2015-12-21 11:22:00.29] 	"GET /document/Locali?call_id=1&count=true HTTP/1.1" 	200 	79 	"Mozilla/5.0 (Macintosh; Intel Mac OS X 10_10_0) AppleWebKit/537.36 (KHTML, like Gecko) Chrome/47.0.2526.80 Safari/537.36" 	4ms
0:0:0:0:0:0:0:1 	admin 	[2015-12-21 11:22:00.36] 	"GET /document/Locali?call_id=1&count=true HTTP/1.1" 	200 	79 	"Mozilla/5.0 (Macintosh; Intel Mac OS X 10_10_0) AppleWebKit/537.36 (KHTML, like Gecko) Chrome/47.0.2526.80 Safari/537.36" 	5ms
0:0:0:0:0:0:0:1 	admin 	[2015-12-21 11:23:03.440] 	"POST /document/Locali HTTP/1.1" 	200 	347 	"Mozilla/5.0 (Macintosh; Intel Mac OS X 10_10_0) AppleWebKit/537.36 (KHTML, like Gecko) Chrome/47.0.2526.80 Safari/537.36" 	7ms
0:0:0:0:0:0:0:1 	admin 	[2015-12-21 11:23:03.472] 	"GET /document/Locali?call_id=1&skip=0&page=0&recordsPerPage=10&orderBy=_creation_date+asc HTTP/1.1" 	200 	2245 	"Mozilla/5.0 (Macintosh; Intel Mac OS X 10_10_0) AppleWebKit/537.36 (KHTML, like Gecko) Chrome/47.0.2526.80 Safari/537.36" 	8ms
0:0:0:0:0:0:0:1 	admin 	[2015-12-21 11:23:03.487] 	"GET /document/Locali?call_id=1&count=true HTTP/1.1" 	200 	79 	"Mozilla/5.0 (Macintosh; Intel Mac OS X 10_10_0) AppleWebKit/537.36 (KHTML, like Gecko) Chrome/47.0.2526.80 Safari/537.36" 	4ms
0:0:0:0:0:0:0:1 	admin 	[2015-12-21 11:23:03.496] 	"GET /document/Locali?call_id=1&count=true HTTP/1.1" 	200 	79 	"Mozilla/5.0 (Macintosh; Intel Mac OS X 10_10_0) AppleWebKit/537.36 (KHTML, like Gecko) Chrome/47.0.2526.80 Safari/537.36" 	6ms
0:0:0:0:0:0:0:1 	admin 	[2015-12-21 11:23:59.518] 	"POST /document/Locali HTTP/1.1" 	200 	349 	"Mozilla/5.0 (Macintosh; Intel Mac OS X 10_10_0) AppleWebKit/537.36 (KHTML, like Gecko) Chrome/47.0.2526.80 Safari/537.36" 	9ms
0:0:0:0:0:0:0:1 	admin 	[2015-12-21 11:23:59.554] 	"GET /document/Locali?call_id=1&skip=0&page=0&recordsPerPage=10&orderBy=_creation_date+asc HTTP/1.1" 	200 	2556 	"Mozilla/5.0 (Macintosh; Intel Mac OS X 10_10_0) AppleWebKit/537.36 (KHTML, like Gecko) Chrome/47.0.2526.80 Safari/537.36" 	7ms
0:0:0:0:0:0:0:1 	admin 	[2015-12-21 11:23:59.566] 	"GET /document/Locali?call_id=1&count=true HTTP/1.1" 	200 	79 	"Mozilla/5.0 (Macintosh; Intel Mac OS X 10_10_0) AppleWebKit/537.36 (KHTML, like Gecko) Chrome/47.0.2526.80 Safari/537.36" 	4ms
0:0:0:0:0:0:0:1 	admin 	[2015-12-21 11:23:59.574] 	"GET /document/Locali?call_id=1&count=true HTTP/1.1" 	200 	79 	"Mozilla/5.0 (Macintosh; Intel Mac OS X 10_10_0) AppleWebKit/537.36 (KHTML, like Gecko) Chrome/47.0.2526.80 Safari/537.36" 	4ms
0:0:0:0:0:0:0:1 	admin 	[2015-12-21 11:24:03.107] 	"GET /refresh HTTP/1.1" 	200 	41 	"Mozilla/5.0 (Macintosh; Intel Mac OS X 10_10_0) AppleWebKit/537.36 (KHTML, like Gecko) Chrome/47.0.2526.80 Safari/537.36" 	3ms
0:0:0:0:0:0:0:1 	admin 	[2015-12-21 11:28:13.674] 	"POST /document/Locali HTTP/1.1" 	200 	329 	"Mozilla/5.0 (Macintosh; Intel Mac OS X 10_10_0) AppleWebKit/537.36 (KHTML, like Gecko) Chrome/47.0.2526.80 Safari/537.36" 	7ms
0:0:0:0:0:0:0:1 	admin 	[2015-12-21 11:28:13.710] 	"GET /document/Locali?call_id=1&skip=0&page=0&recordsPerPage=10&orderBy=_creation_date+asc HTTP/1.1" 	200 	2847 	"Mozilla/5.0 (Macintosh; Intel Mac OS X 10_10_0) AppleWebKit/537.36 (KHTML, like Gecko) Chrome/47.0.2526.80 Safari/537.36" 	7ms
0:0:0:0:0:0:0:1 	admin 	[2015-12-21 11:28:13.724] 	"GET /document/Locali?call_id=1&count=true HTTP/1.1" 	200 	79 	"Mozilla/5.0 (Macintosh; Intel Mac OS X 10_10_0) AppleWebKit/537.36 (KHTML, like Gecko) Chrome/47.0.2526.80 Safari/537.36" 	4ms
0:0:0:0:0:0:0:1 	admin 	[2015-12-21 11:28:13.732] 	"GET /document/Locali?call_id=1&count=true HTTP/1.1" 	200 	79 	"Mozilla/5.0 (Macintosh; Intel Mac OS X 10_10_0) AppleWebKit/537.36 (KHTML, like Gecko) Chrome/47.0.2526.80 Safari/537.36" 	5ms
0:0:0:0:0:0:0:1 	admin 	[2015-12-21 11:29:03.100] 	"GET /refresh HTTP/1.1" 	200 	41 	"Mozilla/5.0 (Macintosh; Intel Mac OS X 10_10_0) AppleWebKit/537.36 (KHTML, like Gecko) Chrome/47.0.2526.80 Safari/537.36" 	4ms
0:0:0:0:0:0:0:1 	admin 	[2015-12-21 11:30:20.42] 	"POST /document/Locali HTTP/1.1" 	200 	338 	"Mozilla/5.0 (Macintosh; Intel Mac OS X 10_10_0) AppleWebKit/537.36 (KHTML, like Gecko) Chrome/47.0.2526.80 Safari/537.36" 	7ms
0:0:0:0:0:0:0:1 	admin 	[2015-12-21 11:30:20.83] 	"GET /document/Locali?call_id=1&skip=0&page=0&recordsPerPage=10&orderBy=_creation_date+asc HTTP/1.1" 	200 	3147 	"Mozilla/5.0 (Macintosh; Intel Mac OS X 10_10_0) AppleWebKit/537.36 (KHTML, like Gecko) Chrome/47.0.2526.80 Safari/537.36" 	7ms
0:0:0:0:0:0:0:1 	admin 	[2015-12-21 11:30:20.98] 	"GET /document/Locali?call_id=1&count=true HTTP/1.1" 	200 	80 	"Mozilla/5.0 (Macintosh; Intel Mac OS X 10_10_0) AppleWebKit/537.36 (KHTML, like Gecko) Chrome/47.0.2526.80 Safari/537.36" 	4ms
0:0:0:0:0:0:0:1 	admin 	[2015-12-21 11:30:20.106] 	"GET /document/Locali?call_id=1&count=true HTTP/1.1" 	200 	80 	"Mozilla/5.0 (Macintosh; Intel Mac OS X 10_10_0) AppleWebKit/537.36 (KHTML, like Gecko) Chrome/47.0.2526.80 Safari/537.36" 	3ms
