2015-12-21 10:56:12,763 - DEBUG - application: main  Global.onStart() called 
2015-12-21 10:56:12,773 - DEBUG - application: main  opening connection on db: db/baasbox for internal_admin 
2015-12-21 10:56:13,243 - DEBUG - application: main  Connection id: OrientDB[plocal:db/baasbox] (users: 1) 1527906606 
2015-12-21 10:56:13,244 - DEBUG - application: main  Registering hooks... 
2015-12-21 10:56:13,245 - DEBUG - application: main  Registering BaasBox hooks... start 
2015-12-21 10:56:13,246 - DEBUG - application: main  Registering BaasBox hooks... done 
2015-12-21 10:56:13,247 - DEBUG - application: main  Hooks: {com.orientechnologies.orient.core.db.record.OClassTrigger@29f0c4f2=FIRST, com.orientechnologies.orient.core.metadata.security.ORestrictedAccessHook@13047d7d=FIRST, com.orientechnologies.orient.core.metadata.security.OUserTrigger@1bfe3203=EARLY, com.orientechnologies.orient.core.metadata.function.OFunctionTrigger@49601f82=REGULAR, com.baasbox.db.hook.Audit@f202d6d=REGULAR, com.orientechnologies.orient.core.index.OClassIndexManager@6daf2337=LAST, com.orientechnologies.orient.core.schedule.OSchedulerTrigger@61f3fbb8=LAST, com.orientechnologies.orient.core.db.record.ridbag.sbtree.ORidBagDeleteHook@7d755813=LAST, com.baasbox.db.hook.HidePassword@746b18fd=LAST} 
2015-12-21 10:56:13,247 - DEBUG - application: main  Connection id: OrientDB[plocal:db/baasbox] (users: 1) 1527906606 
2015-12-21 10:56:13,253 - DEBUG - application: main  Connection id: OrientDB[plocal:db/baasbox] (users: 1) 1527906606 
2015-12-21 10:56:13,256 - DEBUG - application: main  Connection id: OrientDB[plocal:db/baasbox] (users: 1) 1527906606 
2015-12-21 10:56:13,256 - DEBUG - application: main  queryBuilder: select  from _BB_Index where ( key = ? ) 
2015-12-21 10:56:13,256 - DEBUG - application: main  commandBuilder:  
2015-12-21 10:56:13,256 - DEBUG - application: main    QueryParams [justCount=false, fields=, where=key = ?, params=[_BB_INTERNAL:db.version], page=-1, recordPerPage=20, groupBy=, orderBy=, depth=0 ] 
2015-12-21 10:56:13,257 - DEBUG - application: main    sql.select  from _BB_Index where ( key = ? ) 
2015-12-21 10:56:13,257 - DEBUG - application: main  Connection id: OrientDB[plocal:db/baasbox] (users: 1) 1527906606 
2015-12-21 10:56:13,262 - DEBUG - application: main  Enable: true HidePassword hook 
2015-12-21 10:56:13,266 - DEBUG - application: main  Connection id: OrientDB[plocal:db/baasbox] (users: 1) 1527906606 
2015-12-21 10:56:13,266 - DEBUG - application: main  Enable: false HidePassword hook 
2015-12-21 10:56:13,272 - DEBUG - application: main  Connection id: OrientDB[plocal:db/baasbox] (users: 1) 1527906606 
2015-12-21 10:56:13,272 - DEBUG - application: main  Connection id: OrientDB[plocal:db/baasbox] (users: 1) 1527906606 
2015-12-21 10:56:13,272 - DEBUG - application: main  queryBuilder: select  from _BB_User where ( user.name=? ) 
2015-12-21 10:56:13,272 - DEBUG - application: main  commandBuilder:  
2015-12-21 10:56:13,273 - DEBUG - application: main    QueryParams [justCount=false, fields=, where=user.name=?, params=[baasbox], page=-1, recordPerPage=20, groupBy=, orderBy=, depth=0 ] 
2015-12-21 10:56:13,273 - DEBUG - application: main    sql.select  from _BB_User where ( user.name=? ) 
2015-12-21 10:56:13,273 - DEBUG - application: main  Connection id: OrientDB[plocal:db/baasbox] (users: 1) 1527906606 
2015-12-21 10:56:13,273 - DEBUG - application: main  Enable: true HidePassword hook 
2015-12-21 10:56:13,292 - DEBUG - application: main  Connection id: OrientDB[plocal:db/baasbox] (users: 1) 1527906606 
2015-12-21 10:56:13,292 - DEBUG - application: main  Enable: false HidePassword hook 
2015-12-21 10:56:13,305 - DEBUG - application: main  Connection id: OrientDB[plocal:db/baasbox] (users: 1) 1527906606 
2015-12-21 10:56:13,305 - DEBUG - application: main  queryBuilder: select  from _BB_User where ( user.name=? ) 
2015-12-21 10:56:13,305 - DEBUG - application: main  commandBuilder:  
2015-12-21 10:56:13,305 - DEBUG - application: main    QueryParams [justCount=false, fields=, where=user.name=?, params=[internal_admin], page=-1, recordPerPage=20, groupBy=, orderBy=, depth=0 ] 
2015-12-21 10:56:13,305 - DEBUG - application: main    sql.select  from _BB_User where ( user.name=? ) 
2015-12-21 10:56:13,305 - DEBUG - application: main  Connection id: OrientDB[plocal:db/baasbox] (users: 1) 1527906606 
2015-12-21 10:56:13,306 - DEBUG - application: main  Enable: true HidePassword hook 
2015-12-21 10:56:13,307 - DEBUG - application: main  Connection id: OrientDB[plocal:db/baasbox] (users: 1) 1527906606 
2015-12-21 10:56:13,307 - DEBUG - application: main  Enable: false HidePassword hook 
2015-12-21 10:56:13,310 - DEBUG - application: main  Connection id: OrientDB[plocal:db/baasbox] (users: 1) 1527906606 
2015-12-21 10:56:13,310 - DEBUG - application: main  Connection id: OrientDB[plocal:db/baasbox] (users: 1) 1527906606 
2015-12-21 10:56:13,310 - DEBUG - application: main  queryBuilder: select  from _BB_Index where ( key = ? ) 
2015-12-21 10:56:13,310 - DEBUG - application: main  commandBuilder:  
2015-12-21 10:56:13,310 - DEBUG - application: main    QueryParams [justCount=false, fields=, where=key = ?, params=[_BB_INTERNAL:installation.id], page=-1, recordPerPage=20, groupBy=, orderBy=, depth=0 ] 
2015-12-21 10:56:13,310 - DEBUG - application: main    sql.select  from _BB_Index where ( key = ? ) 
2015-12-21 10:56:13,310 - DEBUG - application: main  Connection id: OrientDB[plocal:db/baasbox] (users: 1) 1527906606 
2015-12-21 10:56:13,310 - DEBUG - application: main  Enable: true HidePassword hook 
2015-12-21 10:56:13,311 - DEBUG - application: main  Connection id: OrientDB[plocal:db/baasbox] (users: 1) 1527906606 
2015-12-21 10:56:13,311 - DEBUG - application: main  Enable: false HidePassword hook 
2015-12-21 10:56:13,311 - DEBUG - application: main  opening connection on db: db/baasbox for internal_admin 
2015-12-21 10:56:13,314 - DEBUG - application: main  Connection id: OrientDB[plocal:db/baasbox] (users: 1) 208301085 
2015-12-21 10:56:13,314 - DEBUG - application: main  Registering hooks... 
2015-12-21 10:56:13,314 - DEBUG - application: main  Registering BaasBox hooks... start 
2015-12-21 10:56:13,314 - DEBUG - application: main  Registering BaasBox hooks... done 
2015-12-21 10:56:13,314 - DEBUG - application: main  Hooks: {com.orientechnologies.orient.core.db.record.OClassTrigger@6e57b5e9=FIRST, com.orientechnologies.orient.core.metadata.security.ORestrictedAccessHook@1abc9f14=FIRST, com.orientechnologies.orient.core.metadata.security.OUserTrigger@6a0ac48e=EARLY, com.orientechnologies.orient.core.metadata.function.OFunctionTrigger@24e08d59=REGULAR, com.baasbox.db.hook.Audit@36dfbdaf=REGULAR, com.orientechnologies.orient.core.index.OClassIndexManager@77cb9cd1=LAST, com.orientechnologies.orient.core.schedule.OSchedulerTrigger@971e903=LAST, com.orientechnologies.orient.core.db.record.ridbag.sbtree.ORidBagDeleteHook@35636217=LAST, com.baasbox.db.hook.HidePassword@4f82663e=LAST} 
2015-12-21 10:56:13,314 - DEBUG - application: main  Connection id: OrientDB[plocal:db/baasbox] (users: 1) 208301085 
2015-12-21 10:56:13,320 - DEBUG - application: main  Connection id: OrientDB[plocal:db/baasbox] (users: 1) 208301085 
2015-12-21 10:56:13,320 - DEBUG - application: main  Connection id: OrientDB[plocal:db/baasbox] (users: 1) 208301085 
2015-12-21 10:56:13,320 - DEBUG - application: main  queryBuilder: select  from _BB_Index where ( key = ? ) 
2015-12-21 10:56:13,320 - DEBUG - application: main  commandBuilder:  
2015-12-21 10:56:13,320 - DEBUG - application: main    QueryParams [justCount=false, fields=, where=key = ?, params=[_BB_PUSH:profile1.production.ios.certificate], page=-1, recordPerPage=20, groupBy=, orderBy=, depth=0 ] 
2015-12-21 10:56:13,320 - DEBUG - application: main    sql.select  from _BB_Index where ( key = ? ) 
2015-12-21 10:56:13,320 - DEBUG - application: main  Connection id: OrientDB[plocal:db/baasbox] (users: 1) 208301085 
2015-12-21 10:56:13,320 - DEBUG - application: main  Enable: true HidePassword hook 
2015-12-21 10:56:13,321 - DEBUG - application: main  Connection id: OrientDB[plocal:db/baasbox] (users: 1) 208301085 
2015-12-21 10:56:13,321 - DEBUG - application: main  Enable: false HidePassword hook 
2015-12-21 10:56:13,321 - DEBUG - application: main  Connection id: OrientDB[plocal:db/baasbox] (users: 1) 208301085 
2015-12-21 10:56:13,321 - DEBUG - application: main  Connection id: OrientDB[plocal:db/baasbox] (users: 1) 208301085 
2015-12-21 10:56:13,321 - DEBUG - application: main  queryBuilder: select  from _BB_Index where ( key = ? ) 
2015-12-21 10:56:13,321 - DEBUG - application: main  commandBuilder:  
2015-12-21 10:56:13,321 - DEBUG - application: main    QueryParams [justCount=false, fields=, where=key = ?, params=[_BB_PUSH:profile1.sandbox.ios.certificate], page=-1, recordPerPage=20, groupBy=, orderBy=, depth=0 ] 
2015-12-21 10:56:13,321 - DEBUG - application: main    sql.select  from _BB_Index where ( key = ? ) 
2015-12-21 10:56:13,321 - DEBUG - application: main  Connection id: OrientDB[plocal:db/baasbox] (users: 1) 208301085 
2015-12-21 10:56:13,321 - DEBUG - application: main  Enable: true HidePassword hook 
2015-12-21 10:56:13,322 - DEBUG - application: main  Connection id: OrientDB[plocal:db/baasbox] (users: 1) 208301085 
2015-12-21 10:56:13,322 - DEBUG - application: main  Enable: false HidePassword hook 
2015-12-21 10:56:13,322 - DEBUG - application: main  Connection id: OrientDB[plocal:db/baasbox] (users: 1) 208301085 
2015-12-21 10:56:13,322 - DEBUG - application: main  Connection id: OrientDB[plocal:db/baasbox] (users: 1) 208301085 
2015-12-21 10:56:13,322 - DEBUG - application: main  queryBuilder: select  from _BB_Index where ( key = ? ) 
2015-12-21 10:56:13,322 - DEBUG - application: main  commandBuilder:  
2015-12-21 10:56:13,322 - DEBUG - application: main    QueryParams [justCount=false, fields=, where=key = ?, params=[_BB_PUSH:profile2.production.ios.certificate], page=-1, recordPerPage=20, groupBy=, orderBy=, depth=0 ] 
2015-12-21 10:56:13,322 - DEBUG - application: main    sql.select  from _BB_Index where ( key = ? ) 
2015-12-21 10:56:13,322 - DEBUG - application: main  Connection id: OrientDB[plocal:db/baasbox] (users: 1) 208301085 
2015-12-21 10:56:13,322 - DEBUG - application: main  Enable: true HidePassword hook 
2015-12-21 10:56:13,322 - DEBUG - application: main  Connection id: OrientDB[plocal:db/baasbox] (users: 1) 208301085 
2015-12-21 10:56:13,322 - DEBUG - application: main  Enable: false HidePassword hook 
2015-12-21 10:56:13,322 - DEBUG - application: main  Connection id: OrientDB[plocal:db/baasbox] (users: 1) 208301085 
2015-12-21 10:56:13,323 - DEBUG - application: main  Connection id: OrientDB[plocal:db/baasbox] (users: 1) 208301085 
2015-12-21 10:56:13,323 - DEBUG - application: main  queryBuilder: select  from _BB_Index where ( key = ? ) 
2015-12-21 10:56:13,323 - DEBUG - application: main  commandBuilder:  
2015-12-21 10:56:13,323 - DEBUG - application: main    QueryParams [justCount=false, fields=, where=key = ?, params=[_BB_PUSH:profile2.sandbox.ios.certificate], page=-1, recordPerPage=20, groupBy=, orderBy=, depth=0 ] 
2015-12-21 10:56:13,323 - DEBUG - application: main    sql.select  from _BB_Index where ( key = ? ) 
2015-12-21 10:56:13,323 - DEBUG - application: main  Connection id: OrientDB[plocal:db/baasbox] (users: 1) 208301085 
2015-12-21 10:56:13,323 - DEBUG - application: main  Enable: true HidePassword hook 
2015-12-21 10:56:13,324 - DEBUG - application: main  Connection id: OrientDB[plocal:db/baasbox] (users: 1) 208301085 
2015-12-21 10:56:13,324 - DEBUG - application: main  Enable: false HidePassword hook 
2015-12-21 10:56:13,324 - DEBUG - application: main  Connection id: OrientDB[plocal:db/baasbox] (users: 1) 208301085 
2015-12-21 10:56:13,324 - DEBUG - application: main  Connection id: OrientDB[plocal:db/baasbox] (users: 1) 208301085 
2015-12-21 10:56:13,324 - DEBUG - application: main  queryBuilder: select  from _BB_Index where ( key = ? ) 
2015-12-21 10:56:13,324 - DEBUG - application: main  commandBuilder:  
2015-12-21 10:56:13,324 - DEBUG - application: main    QueryParams [justCount=false, fields=, where=key = ?, params=[_BB_PUSH:profile3.production.ios.certificate], page=-1, recordPerPage=20, groupBy=, orderBy=, depth=0 ] 
2015-12-21 10:56:13,325 - DEBUG - application: main    sql.select  from _BB_Index where ( key = ? ) 
2015-12-21 10:56:13,325 - DEBUG - application: main  Connection id: OrientDB[plocal:db/baasbox] (users: 1) 208301085 
2015-12-21 10:56:13,325 - DEBUG - application: main  Enable: true HidePassword hook 
2015-12-21 10:56:13,325 - DEBUG - application: main  Connection id: OrientDB[plocal:db/baasbox] (users: 1) 208301085 
2015-12-21 10:56:13,325 - DEBUG - application: main  Enable: false HidePassword hook 
2015-12-21 10:56:13,325 - DEBUG - application: main  Connection id: OrientDB[plocal:db/baasbox] (users: 1) 208301085 
2015-12-21 10:56:13,326 - DEBUG - application: main  Connection id: OrientDB[plocal:db/baasbox] (users: 1) 208301085 
2015-12-21 10:56:13,326 - DEBUG - application: main  queryBuilder: select  from _BB_Index where ( key = ? ) 
2015-12-21 10:56:13,326 - DEBUG - application: main  commandBuilder:  
2015-12-21 10:56:13,326 - DEBUG - application: main    QueryParams [justCount=false, fields=, where=key = ?, params=[_BB_PUSH:profile3.sandbox.ios.certificate], page=-1, recordPerPage=20, groupBy=, orderBy=, depth=0 ] 
2015-12-21 10:56:13,326 - DEBUG - application: main    sql.select  from _BB_Index where ( key = ? ) 
2015-12-21 10:56:13,326 - DEBUG - application: main  Connection id: OrientDB[plocal:db/baasbox] (users: 1) 208301085 
2015-12-21 10:56:13,326 - DEBUG - application: main  Enable: true HidePassword hook 
2015-12-21 10:56:13,326 - DEBUG - application: main  Connection id: OrientDB[plocal:db/baasbox] (users: 1) 208301085 
2015-12-21 10:56:13,327 - DEBUG - application: main  Enable: false HidePassword hook 
2015-12-21 10:56:13,342 - DEBUG - application: main  Global.onStart() ended 
2015-12-21 10:56:13,462 - INFO  - Listening for HTTP on /0:0:0:0:0:0:0:0:9000 
2015-12-21 10:56:42,080 - INFO  - Starting application default Akka system. 
2015-12-21 10:56:43,095 - INFO  - Session Cleaner: started 
2015-12-21 10:56:43,095 - INFO  - Session Cleaner: started 
2015-12-21 10:56:43,096 - INFO  - Session cleaner: tokens: 1 - removed: 0 
2015-12-21 10:56:43,096 - INFO  - Session cleaner: tokens: 1 - removed: 0 
2015-12-21 10:56:43,096 - INFO  - Session cleaner: finished 
2015-12-21 10:56:43,096 - INFO  - Session cleaner: finished 
